[2025-04-25 10:33:18] Normalized output directory: C:\Users\Hazem Mrad\Desktop\matchupz-web-integration - Copy\public\uploads\output_videos
[2025-04-25 10:33:18] All files in C:\Users\Hazem Mrad\Desktop\matchupz-web-integration - Copy\public\uploads\output_videos: ., .., keypoint_tracks.json, object_tracks.json, output-video2-680b04d7a3bde.mp4
[2025-04-25 10:33:18] Looking for output videos with pattern: C:\Users\Hazem Mrad\Desktop\matchupz-web-integration - Copy\public\uploads\output_videos\output-*.mp4
[2025-04-25 10:33:18] Found 1 output videos in C:\Users\Hazem Mrad\Desktop\matchupz-web-integration - Copy\public\uploads\output_videos
[2025-04-25 10:33:18] Found output video: C:\Users\Hazem Mrad\Desktop\matchupz-web-integration - Copy\public\uploads\output_videos\output-video2-680b04d7a3bde.mp4
[2025-04-25 10:33:18] Latest output video URL set to: /uploads/output_videos/output-video2-680b04d7a3bde.mp4
[2025-04-25 10:33:18] Latest output file exists at: C:\Users\Hazem Mrad\Desktop\matchupz-web-integration - Copy\public\uploads\output_videos\output-video2-680b04d7a3bde.mp4, size: 925597 bytes
[2025-04-25 10:33:18] Rendering template with output_video_url: /uploads/output_videos/output-video2-680b04d7a3bde.mp4
[2025-04-25 10:38:31] Normalized output directory: C:\Users\Hazem Mrad\Desktop\matchupz-web-integration - Copy\public\uploads\output_videos
[2025-04-25 10:38:31] All files in C:\Users\Hazem Mrad\Desktop\matchupz-web-integration - Copy\public\uploads\output_videos: ., .., keypoint_tracks.json, object_tracks.json, output-video2-680b04d7a3bde.mp4
[2025-04-25 10:38:31] Looking for output videos with pattern: C:\Users\Hazem Mrad\Desktop\matchupz-web-integration - Copy\public\uploads\output_videos\output-*.mp4
[2025-04-25 10:38:31] Found 1 output videos in C:\Users\Hazem Mrad\Desktop\matchupz-web-integration - Copy\public\uploads\output_videos
[2025-04-25 10:38:31] Found output video: C:\Users\Hazem Mrad\Desktop\matchupz-web-integration - Copy\public\uploads\output_videos\output-video2-680b04d7a3bde.mp4
[2025-04-25 10:38:31] Latest output video URL set to: /uploads/output_videos/output-video2-680b04d7a3bde.mp4
[2025-04-25 10:38:31] Latest output file exists at: C:\Users\Hazem Mrad\Desktop\matchupz-web-integration - Copy\public\uploads\output_videos\output-video2-680b04d7a3bde.mp4, size: 925597 bytes
[2025-04-25 10:38:31] Rendering template with output_video_url: /uploads/output_videos/output-video2-680b04d7a3bde.mp4
[2025-04-25 10:56:25] Input Video Path: C:\Users\Hazem Mrad\Desktop\matchupz-web-integration - Copy/public/uploads/input_videos\video2-680b4e3952a7d.mp4
[2025-04-25 10:56:25] Output Video Path: C:\Users\Hazem Mrad\Desktop\matchupz-web-integration - Copy/public/uploads/output_videos\output-video2-680b4e3952a7d.mp4
[2025-04-25 10:56:25] Python Script Path: C:\\Users\\Hazem Mrad\\Desktop\\matchupz-web-integration - Copy\\football_analysis-master\\main.py
[2025-04-25 10:56:25] Executing command: "C:\Users\Hazem Mrad\AppData\Local\Programs\Python\Python310\python.exe" "C:\\Users\\Hazem Mrad\\Desktop\\matchupz-web-integration - Copy\\football_analysis-master\\main.py" --input_video "C:\Users\Hazem Mrad\Desktop\matchupz-web-integration - Copy/public/uploads/input_videos\video2-680b4e3952a7d.mp4" --output_video "C:\Users\Hazem Mrad\Desktop\matchupz-web-integration - Copy/public/uploads/output_videos\output-video2-680b4e3952a7d.mp4" 2>&1
[2025-04-25 10:56:25] Processing failed: Error processing video: Return code 1. Output:   File "C:\Users\Hazem Mrad\Desktop\matchupz-web-integration - Copy\football_analysis-master\main.py", line 70
    if processor sizing frame: {e}")
                                  ^
SyntaxError: unterminated string literal (detected at line 70)

[2025-04-25 10:56:25] Normalized output directory: C:\Users\Hazem Mrad\Desktop\matchupz-web-integration - Copy\public\uploads\output_videos
[2025-04-25 10:56:25] All files in C:\Users\Hazem Mrad\Desktop\matchupz-web-integration - Copy\public\uploads\output_videos: ., .., keypoint_tracks.json, object_tracks.json, output-video2-680b04d7a3bde.mp4
[2025-04-25 10:56:25] Looking for output videos with pattern: C:\Users\Hazem Mrad\Desktop\matchupz-web-integration - Copy\public\uploads\output_videos\output-*.mp4
[2025-04-25 10:56:25] Found 1 output videos in C:\Users\Hazem Mrad\Desktop\matchupz-web-integration - Copy\public\uploads\output_videos
[2025-04-25 10:56:25] Found output video: C:\Users\Hazem Mrad\Desktop\matchupz-web-integration - Copy\public\uploads\output_videos\output-video2-680b04d7a3bde.mp4
[2025-04-25 10:56:25] Latest output video URL set to: /uploads/output_videos/output-video2-680b04d7a3bde.mp4
[2025-04-25 10:56:25] Latest output file exists at: C:\Users\Hazem Mrad\Desktop\matchupz-web-integration - Copy\public\uploads\output_videos\output-video2-680b04d7a3bde.mp4, size: 925597 bytes
[2025-04-25 10:56:25] Rendering template with output_video_url: /uploads/output_videos/output-video2-680b04d7a3bde.mp4
[2025-04-25 10:58:43] Normalized output directory: C:\Users\Hazem Mrad\Desktop\matchupz-web-integration - Copy\public\uploads\output_videos
[2025-04-25 10:58:43] All files in C:\Users\Hazem Mrad\Desktop\matchupz-web-integration - Copy\public\uploads\output_videos: ., .., keypoint_tracks.json, object_tracks.json, output-video2-680b04d7a3bde.mp4
[2025-04-25 10:58:43] Looking for output videos with pattern: C:\Users\Hazem Mrad\Desktop\matchupz-web-integration - Copy\public\uploads\output_videos\output-*.mp4
[2025-04-25 10:58:43] Found 1 output videos in C:\Users\Hazem Mrad\Desktop\matchupz-web-integration - Copy\public\uploads\output_videos
[2025-04-25 10:58:43] Found output video: C:\Users\Hazem Mrad\Desktop\matchupz-web-integration - Copy\public\uploads\output_videos\output-video2-680b04d7a3bde.mp4
[2025-04-25 10:58:43] Latest output video URL set to: /uploads/output_videos/output-video2-680b04d7a3bde.mp4
[2025-04-25 10:58:43] Latest output file exists at: C:\Users\Hazem Mrad\Desktop\matchupz-web-integration - Copy\public\uploads\output_videos\output-video2-680b04d7a3bde.mp4, size: 925597 bytes
[2025-04-25 10:58:43] Rendering template with output_video_url: /uploads/output_videos/output-video2-680b04d7a3bde.mp4
[2025-04-25 10:58:46] Input Video Path: C:\Users\Hazem Mrad\Desktop\matchupz-web-integration - Copy/public/uploads/input_videos\video2-680b4ec6d6c3a.mp4
[2025-04-25 10:58:46] Output Video Path: C:\Users\Hazem Mrad\Desktop\matchupz-web-integration - Copy/public/uploads/output_videos\output-video2-680b4ec6d6c3a.mp4
[2025-04-25 10:58:46] Python Script Path: C:\\Users\\Hazem Mrad\\Desktop\\matchupz-web-integration - Copy\\football_analysis-master\\main.py
[2025-04-25 10:58:46] Executing command: "C:\Users\Hazem Mrad\AppData\Local\Programs\Python\Python310\python.exe" "C:\\Users\\Hazem Mrad\\Desktop\\matchupz-web-integration - Copy\\football_analysis-master\\main.py" --input_video "C:\Users\Hazem Mrad\Desktop\matchupz-web-integration - Copy/public/uploads/input_videos\video2-680b4ec6d6c3a.mp4" --output_video "C:\Users\Hazem Mrad\Desktop\matchupz-web-integration - Copy/public/uploads/output_videos\output-video2-680b4ec6d6c3a.mp4" 2>&1
[2025-04-25 10:58:47] Processing failed: Error processing video: Return code 1. Output:   File "C:\Users\Hazem Mrad\Desktop\matchupz-web-integration - Copy\football_analysis-master\main.py", line 70
    if processor sizing frame: {e}")
                                  ^
SyntaxError: unterminated string literal (detected at line 70)

[2025-04-25 10:58:47] Normalized output directory: C:\Users\Hazem Mrad\Desktop\matchupz-web-integration - Copy\public\uploads\output_videos
[2025-04-25 10:58:47] All files in C:\Users\Hazem Mrad\Desktop\matchupz-web-integration - Copy\public\uploads\output_videos: ., .., keypoint_tracks.json, object_tracks.json, output-video2-680b04d7a3bde.mp4
[2025-04-25 10:58:47] Looking for output videos with pattern: C:\Users\Hazem Mrad\Desktop\matchupz-web-integration - Copy\public\uploads\output_videos\output-*.mp4
[2025-04-25 10:58:47] Found 1 output videos in C:\Users\Hazem Mrad\Desktop\matchupz-web-integration - Copy\public\uploads\output_videos
[2025-04-25 10:58:47] Found output video: C:\Users\Hazem Mrad\Desktop\matchupz-web-integration - Copy\public\uploads\output_videos\output-video2-680b04d7a3bde.mp4
[2025-04-25 10:58:47] Latest output video URL set to: /uploads/output_videos/output-video2-680b04d7a3bde.mp4
[2025-04-25 10:58:47] Latest output file exists at: C:\Users\Hazem Mrad\Desktop\matchupz-web-integration - Copy\public\uploads\output_videos\output-video2-680b04d7a3bde.mp4, size: 925597 bytes
[2025-04-25 10:58:47] Rendering template with output_video_url: /uploads/output_videos/output-video2-680b04d7a3bde.mp4
[2025-04-25 11:00:18] Normalized output directory: C:\Users\Hazem Mrad\Desktop\matchupz-web-integration - Copy\public\uploads\output_videos
[2025-04-25 11:00:18] All files in C:\Users\Hazem Mrad\Desktop\matchupz-web-integration - Copy\public\uploads\output_videos: ., .., keypoint_tracks.json, object_tracks.json, output-video2-680b04d7a3bde.mp4
[2025-04-25 11:00:18] Looking for output videos with pattern: C:\Users\Hazem Mrad\Desktop\matchupz-web-integration - Copy\public\uploads\output_videos\output-*.mp4
[2025-04-25 11:00:18] Found 1 output videos in C:\Users\Hazem Mrad\Desktop\matchupz-web-integration - Copy\public\uploads\output_videos
[2025-04-25 11:00:18] Found output video: C:\Users\Hazem Mrad\Desktop\matchupz-web-integration - Copy\public\uploads\output_videos\output-video2-680b04d7a3bde.mp4
[2025-04-25 11:00:18] Latest output video URL set to: /uploads/output_videos/output-video2-680b04d7a3bde.mp4
[2025-04-25 11:00:18] Latest output file exists at: C:\Users\Hazem Mrad\Desktop\matchupz-web-integration - Copy\public\uploads\output_videos\output-video2-680b04d7a3bde.mp4, size: 925597 bytes
[2025-04-25 11:00:18] Rendering template with output_video_url: /uploads/output_videos/output-video2-680b04d7a3bde.mp4
[2025-04-25 11:00:24] Input Video Path: C:\Users\Hazem Mrad\Desktop\matchupz-web-integration - Copy/public/uploads/input_videos\video2-680b4f28a417a.mp4
[2025-04-25 11:00:24] Output Video Path: C:\Users\Hazem Mrad\Desktop\matchupz-web-integration - Copy/public/uploads/output_videos\output-video2-680b4f28a417a.mp4
[2025-04-25 11:00:24] Python Script Path: C:\\Users\\Hazem Mrad\\Desktop\\matchupz-web-integration - Copy\\football_analysis-master\\main.py
[2025-04-25 11:00:24] Executing command: "C:\Users\Hazem Mrad\AppData\Local\Programs\Python\Python310\python.exe" "C:\\Users\\Hazem Mrad\\Desktop\\matchupz-web-integration - Copy\\football_analysis-master\\main.py" --input_video "C:\Users\Hazem Mrad\Desktop\matchupz-web-integration - Copy/public/uploads/input_videos\video2-680b4f28a417a.mp4" --output_video "C:\Users\Hazem Mrad\Desktop\matchupz-web-integration - Copy/public/uploads/output_videos\output-video2-680b4f28a417a.mp4" 2>&1
[2025-04-25 11:02:25] Processing complete: Output video URL set to: /uploads/output_videos\output-video2-680b4f28a417a.mp4
[2025-04-25 11:02:25] Output file exists at: C:\Users\Hazem Mrad\Desktop\matchupz-web-integration - Copy/public/uploads/output_videos\output-video2-680b4f28a417a.mp4, size: 4685956 bytes
[2025-04-25 11:02:25] Rendering template with output_video_url: /uploads/output_videos\output-video2-680b4f28a417a.mp4
[2025-04-25 11:09:53] Normalized output directory: C:\Users\Hazem Mrad\Desktop\matchupz-web-integration - Copy\public\uploads\output_videos
[2025-04-25 11:09:53] All files in C:\Users\Hazem Mrad\Desktop\matchupz-web-integration - Copy\public\uploads\output_videos: ., .., keypoint_tracks.json, object_tracks.json, output-video2-680b04d7a3bde.mp4, output-video2-680b4f28a417a.mp4
[2025-04-25 11:09:53] Looking for output videos with pattern: C:\Users\Hazem Mrad\Desktop\matchupz-web-integration - Copy\public\uploads\output_videos\output-*.mp4
[2025-04-25 11:09:53] Found 2 output videos in C:\Users\Hazem Mrad\Desktop\matchupz-web-integration - Copy\public\uploads\output_videos
[2025-04-25 11:09:53] Found output video: C:\Users\Hazem Mrad\Desktop\matchupz-web-integration - Copy\public\uploads\output_videos\output-video2-680b04d7a3bde.mp4
[2025-04-25 11:09:53] Found output video: C:\Users\Hazem Mrad\Desktop\matchupz-web-integration - Copy\public\uploads\output_videos\output-video2-680b4f28a417a.mp4
[2025-04-25 11:09:53] Latest output video URL set to: /uploads/output_videos/output-video2-680b4f28a417a.mp4
[2025-04-25 11:09:53] Latest output file exists at: C:\Users\Hazem Mrad\Desktop\matchupz-web-integration - Copy\public\uploads\output_videos\output-video2-680b4f28a417a.mp4, size: 4685956 bytes
[2025-04-25 11:09:53] Rendering template with output_video_url: /uploads/output_videos/output-video2-680b4f28a417a.mp4
[2025-04-25 11:09:59] Input Video Path: C:\Users\Hazem Mrad\Desktop\matchupz-web-integration - Copy/public/uploads/input_videos\video2-680b516788fd2.mp4
[2025-04-25 11:09:59] Output Video Path: C:\Users\Hazem Mrad\Desktop\matchupz-web-integration - Copy/public/uploads/output_videos\output-video2-680b516788fd2.mp4
[2025-04-25 11:09:59] Python Script Path: C:\\Users\\Hazem Mrad\\Desktop\\matchupz-web-integration - Copy\\football_analysis-master\\main.py
[2025-04-25 11:09:59] Executing command: "C:\Users\Hazem Mrad\AppData\Local\Programs\Python\Python310\python.exe" "C:\\Users\\Hazem Mrad\\Desktop\\matchupz-web-integration - Copy\\football_analysis-master\\main.py" --input_video "C:\Users\Hazem Mrad\Desktop\matchupz-web-integration - Copy/public/uploads/input_videos\video2-680b516788fd2.mp4" --output_video "C:\Users\Hazem Mrad\Desktop\matchupz-web-integration - Copy/public/uploads/output_videos\output-video2-680b516788fd2.mp4" 2>&1
[2025-04-25 11:12:13] Processing complete: Output video URL set to: /uploads/output_videos\output-video2-680b516788fd2.mp4
[2025-04-25 11:12:13] Output file exists at: C:\Users\Hazem Mrad\Desktop\matchupz-web-integration - Copy/public/uploads/output_videos\output-video2-680b516788fd2.mp4, size: 5160690 bytes
[2025-04-25 11:12:13] Rendering template with output_video_url: /uploads/output_videos\output-video2-680b516788fd2.mp4
[2025-04-27 05:08:27] Input directory: C:\Users\Hazem Mrad\Desktop\matchupz-web-integration - Copy - Copy/public/uploads/input_videos
[2025-04-27 05:08:27] Output directory: C:\Users\Hazem Mrad\Desktop\matchupz-web-integration - Copy - Copy/public/uploads/output_videos
[2025-04-27 05:08:27] Processed data directory: C:\Users\Hazem Mrad\Desktop\matchupz-web-integration - Copy - Copy\public\uploads\processed_data
[2025-04-27 05:08:27] Normalized output directory: C:\Users\Hazem Mrad\Desktop\matchupz-web-integration - Copy - Copy\public\uploads\output_videos
[2025-04-27 05:08:27] All files in C:\Users\Hazem Mrad\Desktop\matchupz-web-integration - Copy - Copy\public\uploads\output_videos: ., .., keypoint_tracks.json, object_tracks.json, output-video2-680d956aec536.mp4, output-video2-680d972e7779b.mp4, output-video2-680d98b8d6b44.mp4, output-video2-680d9ae7ab020.mp4
[2025-04-27 05:08:27] Looking for output videos with pattern: C:\Users\Hazem Mrad\Desktop\matchupz-web-integration - Copy - Copy\public\uploads\output_videos\output-*.mp4
[2025-04-27 05:08:27] Found 4 output videos in C:\Users\Hazem Mrad\Desktop\matchupz-web-integration - Copy - Copy\public\uploads\output_videos
[2025-04-27 05:08:27] Found output video: C:\Users\Hazem Mrad\Desktop\matchupz-web-integration - Copy - Copy\public\uploads\output_videos\output-video2-680d956aec536.mp4
[2025-04-27 05:08:27] Found output video: C:\Users\Hazem Mrad\Desktop\matchupz-web-integration - Copy - Copy\public\uploads\output_videos\output-video2-680d972e7779b.mp4
[2025-04-27 05:08:27] Found output video: C:\Users\Hazem Mrad\Desktop\matchupz-web-integration - Copy - Copy\public\uploads\output_videos\output-video2-680d98b8d6b44.mp4
[2025-04-27 05:08:27] Found output video: C:\Users\Hazem Mrad\Desktop\matchupz-web-integration - Copy - Copy\public\uploads\output_videos\output-video2-680d9ae7ab020.mp4
[2025-04-27 05:08:27] Latest output video URL set to: /uploads/output_videos/output-video2-680d9ae7ab020.mp4
[2025-04-27 05:08:27] Latest output file exists at: C:\Users\Hazem Mrad\Desktop\matchupz-web-integration - Copy - Copy\public\uploads\output_videos\output-video2-680d9ae7ab020.mp4, size: 515884 bytes
[2025-04-27 05:08:27] Found 12 JSON files in C:\Users\Hazem Mrad\Desktop\matchupz-web-integration - Copy - Copy\public\uploads\processed_data
[2025-04-27 05:08:27] Latest JSON file: C:\Users\Hazem Mrad\Desktop\matchupz-web-integration - Copy - Copy\public\uploads\processed_data\output-video2-680d9ae7ab020.json
[2025-04-27 05:08:27] Tracking data loaded from: C:\Users\Hazem Mrad\Desktop\matchupz-web-integration - Copy - Copy\public\uploads\processed_data\output-video2-680d9ae7ab020.json
[2025-04-27 05:08:27] Tracking data contents: {"video_source":"C:\\Users\\Hazem Mrad\\Desktop\\matchupz-web-integration - Copy - Copy\/public\/uploads\/input_videos\\video2-680d9ae7ab020.mp4","fps":25,"frames":[{"frame_number":5,"timestamp":0.2,"tracking":{"players":[],"ball":[]}},{"frame_number":6,"timestamp":0.24,"tracking":{"players":[],"ball":[]}},{"frame_number":7,"timestamp":0.28,"tracking":{"players":[],"ball":[]}},{"frame_number":8,"timestamp":0.32,"tracking":{"players":[],"ball":[]}},{"frame_number":9,"timestamp":0.36,"tracking":{"players":[],"ball":[]}},{"frame_number":10,"timestamp":0.4,"tracking":{"players":[],"ball":[]}},{"frame_number":11,"timestamp":0.44,"tracking":{"players":[],"ball":[]}},{"frame_number":12,"timestamp":0.48,"tracking":{"players":[],"ball":[]}},{"frame_number":13,"timestamp":0.52,"tracking":{"players":[],"ball":[]}},{"frame_number":14,"timestamp":0.56,"tracking":{"players":[],"ball":[]}},{"frame_number":15,"timestamp":0.6,"tracking":{"players":[],"ball":[]}},{"frame_number":16,"timestamp":0.64,"tracking":{"players":[],"ball":[]}},{"frame_number":17,"timestamp":0.68,"tracking":{"players":[],"ball":[]}},{"frame_number":18,"timestamp":0.72,"tracking":{"players":[],"ball":[]}},{"frame_number":19,"timestamp":0.76,"tracking":{"players":[],"ball":[]}},{"frame_number":20,"timestamp":0.8,"tracking":{"players":[],"ball":[]}},{"frame_number":21,"timestamp":0.84,"tracking":{"players":[],"ball":[]}},{"frame_number":22,"timestamp":0.88,"tracking":{"players":[],"ball":[]}},{"frame_number":23,"timestamp":0.92,"tracking":{"players":[],"ball":[]}},{"frame_number":24,"timestamp":0.96,"tracking":{"players":[],"ball":[]}},{"frame_number":25,"timestamp":1,"tracking":{"players":[],"ball":[]}},{"frame_number":26,"timestamp":1.04,"tracking":{"players":[],"ball":[]}},{"frame_number":27,"timestamp":1.08,"tracking":{"players":[],"ball":[]}},{"frame_number":28,"timestamp":1.12,"tracking":{"players":[],"ball":[]}},{"frame_number":29,"timestamp":1.16,"tracking":{"players":[],"ball":[]}}]}
[2025-04-27 05:08:27] Rendering template with output_video_url: /uploads/output_videos/output-video2-680d9ae7ab020.mp4
[2025-04-27 05:08:27] Rendering template with tracking_data: {"video_source":"C:\\Users\\Hazem Mrad\\Desktop\\matchupz-web-integration - Copy - Copy\/public\/uploads\/input_videos\\video2-680d9ae7ab020.mp4","fps":25,"frames":[{"frame_number":5,"timestamp":0.2,"tracking":{"players":[],"ball":[]}},{"frame_number":6,"timestamp":0.24,"tracking":{"players":[],"ball":[]}},{"frame_number":7,"timestamp":0.28,"tracking":{"players":[],"ball":[]}},{"frame_number":8,"timestamp":0.32,"tracking":{"players":[],"ball":[]}},{"frame_number":9,"timestamp":0.36,"tracking":{"players":[],"ball":[]}},{"frame_number":10,"timestamp":0.4,"tracking":{"players":[],"ball":[]}},{"frame_number":11,"timestamp":0.44,"tracking":{"players":[],"ball":[]}},{"frame_number":12,"timestamp":0.48,"tracking":{"players":[],"ball":[]}},{"frame_number":13,"timestamp":0.52,"tracking":{"players":[],"ball":[]}},{"frame_number":14,"timestamp":0.56,"tracking":{"players":[],"ball":[]}},{"frame_number":15,"timestamp":0.6,"tracking":{"players":[],"ball":[]}},{"frame_number":16,"timestamp":0.64,"tracking":{"players":[],"ball":[]}},{"frame_number":17,"timestamp":0.68,"tracking":{"players":[],"ball":[]}},{"frame_number":18,"timestamp":0.72,"tracking":{"players":[],"ball":[]}},{"frame_number":19,"timestamp":0.76,"tracking":{"players":[],"ball":[]}},{"frame_number":20,"timestamp":0.8,"tracking":{"players":[],"ball":[]}},{"frame_number":21,"timestamp":0.84,"tracking":{"players":[],"ball":[]}},{"frame_number":22,"timestamp":0.88,"tracking":{"players":[],"ball":[]}},{"frame_number":23,"timestamp":0.92,"tracking":{"players":[],"ball":[]}},{"frame_number":24,"timestamp":0.96,"tracking":{"players":[],"ball":[]}},{"frame_number":25,"timestamp":1,"tracking":{"players":[],"ball":[]}},{"frame_number":26,"timestamp":1.04,"tracking":{"players":[],"ball":[]}},{"frame_number":27,"timestamp":1.08,"tracking":{"players":[],"ball":[]}},{"frame_number":28,"timestamp":1.12,"tracking":{"players":[],"ball":[]}},{"frame_number":29,"timestamp":1.16,"tracking":{"players":[],"ball":[]}}]}
[2025-04-27 05:09:52] Input directory: C:\Users\Hazem Mrad\Desktop\matchupz-web-integration - Copy - Copy/public/uploads/input_videos
[2025-04-27 05:09:52] Output directory: C:\Users\Hazem Mrad\Desktop\matchupz-web-integration - Copy - Copy/public/uploads/output_videos
[2025-04-27 05:09:52] Processed data directory: C:\Users\Hazem Mrad\Desktop\matchupz-web-integration - Copy - Copy\public\uploads\processed_data
[2025-04-27 05:09:52] Normalized output directory: C:\Users\Hazem Mrad\Desktop\matchupz-web-integration - Copy - Copy\public\uploads\output_videos
[2025-04-27 05:09:52] All files in C:\Users\Hazem Mrad\Desktop\matchupz-web-integration - Copy - Copy\public\uploads\output_videos: ., .., keypoint_tracks.json, object_tracks.json, output-video2-680d956aec536.mp4, output-video2-680d972e7779b.mp4, output-video2-680d98b8d6b44.mp4, output-video2-680d9ae7ab020.mp4
[2025-04-27 05:09:52] Looking for output videos with pattern: C:\Users\Hazem Mrad\Desktop\matchupz-web-integration - Copy - Copy\public\uploads\output_videos\output-*.mp4
[2025-04-27 05:09:52] Found 4 output videos in C:\Users\Hazem Mrad\Desktop\matchupz-web-integration - Copy - Copy\public\uploads\output_videos
[2025-04-27 05:09:52] Found output video: C:\Users\Hazem Mrad\Desktop\matchupz-web-integration - Copy - Copy\public\uploads\output_videos\output-video2-680d956aec536.mp4
[2025-04-27 05:09:52] Found output video: C:\Users\Hazem Mrad\Desktop\matchupz-web-integration - Copy - Copy\public\uploads\output_videos\output-video2-680d972e7779b.mp4
[2025-04-27 05:09:52] Found output video: C:\Users\Hazem Mrad\Desktop\matchupz-web-integration - Copy - Copy\public\uploads\output_videos\output-video2-680d98b8d6b44.mp4
[2025-04-27 05:09:52] Found output video: C:\Users\Hazem Mrad\Desktop\matchupz-web-integration - Copy - Copy\public\uploads\output_videos\output-video2-680d9ae7ab020.mp4
[2025-04-27 05:09:52] Latest output video URL set to: /uploads/output_videos/output-video2-680d9ae7ab020.mp4
[2025-04-27 05:09:52] Latest output file exists at: C:\Users\Hazem Mrad\Desktop\matchupz-web-integration - Copy - Copy\public\uploads\output_videos\output-video2-680d9ae7ab020.mp4, size: 515884 bytes
[2025-04-27 05:09:52] Found 12 JSON files in C:\Users\Hazem Mrad\Desktop\matchupz-web-integration - Copy - Copy\public\uploads\processed_data
[2025-04-27 05:09:52] Latest JSON file: C:\Users\Hazem Mrad\Desktop\matchupz-web-integration - Copy - Copy\public\uploads\processed_data\output-video2-680d9ae7ab020.json
[2025-04-27 05:09:52] Tracking data loaded from: C:\Users\Hazem Mrad\Desktop\matchupz-web-integration - Copy - Copy\public\uploads\processed_data\output-video2-680d9ae7ab020.json
[2025-04-27 05:09:52] Tracking data contents: {"video_source":"C:\\Users\\Hazem Mrad\\Desktop\\matchupz-web-integration - Copy - Copy\/public\/uploads\/input_videos\\video2-680d9ae7ab020.mp4","fps":25,"frames":[{"frame_number":5,"timestamp":0.2,"tracking":{"players":[],"ball":[]}},{"frame_number":6,"timestamp":0.24,"tracking":{"players":[],"ball":[]}},{"frame_number":7,"timestamp":0.28,"tracking":{"players":[],"ball":[]}},{"frame_number":8,"timestamp":0.32,"tracking":{"players":[],"ball":[]}},{"frame_number":9,"timestamp":0.36,"tracking":{"players":[],"ball":[]}},{"frame_number":10,"timestamp":0.4,"tracking":{"players":[],"ball":[]}},{"frame_number":11,"timestamp":0.44,"tracking":{"players":[],"ball":[]}},{"frame_number":12,"timestamp":0.48,"tracking":{"players":[],"ball":[]}},{"frame_number":13,"timestamp":0.52,"tracking":{"players":[],"ball":[]}},{"frame_number":14,"timestamp":0.56,"tracking":{"players":[],"ball":[]}},{"frame_number":15,"timestamp":0.6,"tracking":{"players":[],"ball":[]}},{"frame_number":16,"timestamp":0.64,"tracking":{"players":[],"ball":[]}},{"frame_number":17,"timestamp":0.68,"tracking":{"players":[],"ball":[]}},{"frame_number":18,"timestamp":0.72,"tracking":{"players":[],"ball":[]}},{"frame_number":19,"timestamp":0.76,"tracking":{"players":[],"ball":[]}},{"frame_number":20,"timestamp":0.8,"tracking":{"players":[],"ball":[]}},{"frame_number":21,"timestamp":0.84,"tracking":{"players":[],"ball":[]}},{"frame_number":22,"timestamp":0.88,"tracking":{"players":[],"ball":[]}},{"frame_number":23,"timestamp":0.92,"tracking":{"players":[],"ball":[]}},{"frame_number":24,"timestamp":0.96,"tracking":{"players":[],"ball":[]}},{"frame_number":25,"timestamp":1,"tracking":{"players":[],"ball":[]}},{"frame_number":26,"timestamp":1.04,"tracking":{"players":[],"ball":[]}},{"frame_number":27,"timestamp":1.08,"tracking":{"players":[],"ball":[]}},{"frame_number":28,"timestamp":1.12,"tracking":{"players":[],"ball":[]}},{"frame_number":29,"timestamp":1.16,"tracking":{"players":[],"ball":[]}}]}
[2025-04-27 05:09:52] Rendering template with output_video_url: /uploads/output_videos/output-video2-680d9ae7ab020.mp4
[2025-04-27 05:09:52] Rendering template with tracking_data: {"video_source":"C:\\Users\\Hazem Mrad\\Desktop\\matchupz-web-integration - Copy - Copy\/public\/uploads\/input_videos\\video2-680d9ae7ab020.mp4","fps":25,"frames":[{"frame_number":5,"timestamp":0.2,"tracking":{"players":[],"ball":[]}},{"frame_number":6,"timestamp":0.24,"tracking":{"players":[],"ball":[]}},{"frame_number":7,"timestamp":0.28,"tracking":{"players":[],"ball":[]}},{"frame_number":8,"timestamp":0.32,"tracking":{"players":[],"ball":[]}},{"frame_number":9,"timestamp":0.36,"tracking":{"players":[],"ball":[]}},{"frame_number":10,"timestamp":0.4,"tracking":{"players":[],"ball":[]}},{"frame_number":11,"timestamp":0.44,"tracking":{"players":[],"ball":[]}},{"frame_number":12,"timestamp":0.48,"tracking":{"players":[],"ball":[]}},{"frame_number":13,"timestamp":0.52,"tracking":{"players":[],"ball":[]}},{"frame_number":14,"timestamp":0.56,"tracking":{"players":[],"ball":[]}},{"frame_number":15,"timestamp":0.6,"tracking":{"players":[],"ball":[]}},{"frame_number":16,"timestamp":0.64,"tracking":{"players":[],"ball":[]}},{"frame_number":17,"timestamp":0.68,"tracking":{"players":[],"ball":[]}},{"frame_number":18,"timestamp":0.72,"tracking":{"players":[],"ball":[]}},{"frame_number":19,"timestamp":0.76,"tracking":{"players":[],"ball":[]}},{"frame_number":20,"timestamp":0.8,"tracking":{"players":[],"ball":[]}},{"frame_number":21,"timestamp":0.84,"tracking":{"players":[],"ball":[]}},{"frame_number":22,"timestamp":0.88,"tracking":{"players":[],"ball":[]}},{"frame_number":23,"timestamp":0.92,"tracking":{"players":[],"ball":[]}},{"frame_number":24,"timestamp":0.96,"tracking":{"players":[],"ball":[]}},{"frame_number":25,"timestamp":1,"tracking":{"players":[],"ball":[]}},{"frame_number":26,"timestamp":1.04,"tracking":{"players":[],"ball":[]}},{"frame_number":27,"timestamp":1.08,"tracking":{"players":[],"ball":[]}},{"frame_number":28,"timestamp":1.12,"tracking":{"players":[],"ball":[]}},{"frame_number":29,"timestamp":1.16,"tracking":{"players":[],"ball":[]}}]}
[2025-04-27 05:10:28] Input directory: C:\Users\Hazem Mrad\Desktop\matchupz-web-integration - Copy - Copy/public/uploads/input_videos
[2025-04-27 05:10:28] Output directory: C:\Users\Hazem Mrad\Desktop\matchupz-web-integration - Copy - Copy/public/uploads/output_videos
[2025-04-27 05:10:28] Processed data directory: C:\Users\Hazem Mrad\Desktop\matchupz-web-integration - Copy - Copy\public\uploads\processed_data
[2025-04-27 05:10:28] Normalized output directory: C:\Users\Hazem Mrad\Desktop\matchupz-web-integration - Copy - Copy\public\uploads\output_videos
[2025-04-27 05:10:28] All files in C:\Users\Hazem Mrad\Desktop\matchupz-web-integration - Copy - Copy\public\uploads\output_videos: ., .., keypoint_tracks.json, object_tracks.json, output-video2-680d956aec536.mp4, output-video2-680d972e7779b.mp4, output-video2-680d98b8d6b44.mp4, output-video2-680d9ae7ab020.mp4
[2025-04-27 05:10:28] Looking for output videos with pattern: C:\Users\Hazem Mrad\Desktop\matchupz-web-integration - Copy - Copy\public\uploads\output_videos\output-*.mp4
[2025-04-27 05:10:28] Found 4 output videos in C:\Users\Hazem Mrad\Desktop\matchupz-web-integration - Copy - Copy\public\uploads\output_videos
[2025-04-27 05:10:28] Found output video: C:\Users\Hazem Mrad\Desktop\matchupz-web-integration - Copy - Copy\public\uploads\output_videos\output-video2-680d956aec536.mp4
[2025-04-27 05:10:28] Found output video: C:\Users\Hazem Mrad\Desktop\matchupz-web-integration - Copy - Copy\public\uploads\output_videos\output-video2-680d972e7779b.mp4
[2025-04-27 05:10:28] Found output video: C:\Users\Hazem Mrad\Desktop\matchupz-web-integration - Copy - Copy\public\uploads\output_videos\output-video2-680d98b8d6b44.mp4
[2025-04-27 05:10:28] Found output video: C:\Users\Hazem Mrad\Desktop\matchupz-web-integration - Copy - Copy\public\uploads\output_videos\output-video2-680d9ae7ab020.mp4
[2025-04-27 05:10:28] Latest output video URL set to: /uploads/output_videos/output-video2-680d9ae7ab020.mp4
[2025-04-27 05:10:28] Latest output file exists at: C:\Users\Hazem Mrad\Desktop\matchupz-web-integration - Copy - Copy\public\uploads\output_videos\output-video2-680d9ae7ab020.mp4, size: 515884 bytes
[2025-04-27 05:10:28] Found 12 JSON files in C:\Users\Hazem Mrad\Desktop\matchupz-web-integration - Copy - Copy\public\uploads\processed_data
[2025-04-27 05:10:28] Latest JSON file: C:\Users\Hazem Mrad\Desktop\matchupz-web-integration - Copy - Copy\public\uploads\processed_data\output-video2-680d9ae7ab020.json
[2025-04-27 05:10:28] Tracking data loaded from: C:\Users\Hazem Mrad\Desktop\matchupz-web-integration - Copy - Copy\public\uploads\processed_data\output-video2-680d9ae7ab020.json
[2025-04-27 05:10:28] Tracking data contents: {"video_source":"C:\\Users\\Hazem Mrad\\Desktop\\matchupz-web-integration - Copy - Copy\/public\/uploads\/input_videos\\video2-680d9ae7ab020.mp4","fps":25,"frames":[{"frame_number":5,"timestamp":0.2,"tracking":{"players":[],"ball":[]}},{"frame_number":6,"timestamp":0.24,"tracking":{"players":[],"ball":[]}},{"frame_number":7,"timestamp":0.28,"tracking":{"players":[],"ball":[]}},{"frame_number":8,"timestamp":0.32,"tracking":{"players":[],"ball":[]}},{"frame_number":9,"timestamp":0.36,"tracking":{"players":[],"ball":[]}},{"frame_number":10,"timestamp":0.4,"tracking":{"players":[],"ball":[]}},{"frame_number":11,"timestamp":0.44,"tracking":{"players":[],"ball":[]}},{"frame_number":12,"timestamp":0.48,"tracking":{"players":[],"ball":[]}},{"frame_number":13,"timestamp":0.52,"tracking":{"players":[],"ball":[]}},{"frame_number":14,"timestamp":0.56,"tracking":{"players":[],"ball":[]}},{"frame_number":15,"timestamp":0.6,"tracking":{"players":[],"ball":[]}},{"frame_number":16,"timestamp":0.64,"tracking":{"players":[],"ball":[]}},{"frame_number":17,"timestamp":0.68,"tracking":{"players":[],"ball":[]}},{"frame_number":18,"timestamp":0.72,"tracking":{"players":[],"ball":[]}},{"frame_number":19,"timestamp":0.76,"tracking":{"players":[],"ball":[]}},{"frame_number":20,"timestamp":0.8,"tracking":{"players":[],"ball":[]}},{"frame_number":21,"timestamp":0.84,"tracking":{"players":[],"ball":[]}},{"frame_number":22,"timestamp":0.88,"tracking":{"players":[],"ball":[]}},{"frame_number":23,"timestamp":0.92,"tracking":{"players":[],"ball":[]}},{"frame_number":24,"timestamp":0.96,"tracking":{"players":[],"ball":[]}},{"frame_number":25,"timestamp":1,"tracking":{"players":[],"ball":[]}},{"frame_number":26,"timestamp":1.04,"tracking":{"players":[],"ball":[]}},{"frame_number":27,"timestamp":1.08,"tracking":{"players":[],"ball":[]}},{"frame_number":28,"timestamp":1.12,"tracking":{"players":[],"ball":[]}},{"frame_number":29,"timestamp":1.16,"tracking":{"players":[],"ball":[]}}]}
[2025-04-27 05:10:28] Rendering template with output_video_url: /uploads/output_videos/output-video2-680d9ae7ab020.mp4
[2025-04-27 05:10:28] Rendering template with tracking_data: {"video_source":"C:\\Users\\Hazem Mrad\\Desktop\\matchupz-web-integration - Copy - Copy\/public\/uploads\/input_videos\\video2-680d9ae7ab020.mp4","fps":25,"frames":[{"frame_number":5,"timestamp":0.2,"tracking":{"players":[],"ball":[]}},{"frame_number":6,"timestamp":0.24,"tracking":{"players":[],"ball":[]}},{"frame_number":7,"timestamp":0.28,"tracking":{"players":[],"ball":[]}},{"frame_number":8,"timestamp":0.32,"tracking":{"players":[],"ball":[]}},{"frame_number":9,"timestamp":0.36,"tracking":{"players":[],"ball":[]}},{"frame_number":10,"timestamp":0.4,"tracking":{"players":[],"ball":[]}},{"frame_number":11,"timestamp":0.44,"tracking":{"players":[],"ball":[]}},{"frame_number":12,"timestamp":0.48,"tracking":{"players":[],"ball":[]}},{"frame_number":13,"timestamp":0.52,"tracking":{"players":[],"ball":[]}},{"frame_number":14,"timestamp":0.56,"tracking":{"players":[],"ball":[]}},{"frame_number":15,"timestamp":0.6,"tracking":{"players":[],"ball":[]}},{"frame_number":16,"timestamp":0.64,"tracking":{"players":[],"ball":[]}},{"frame_number":17,"timestamp":0.68,"tracking":{"players":[],"ball":[]}},{"frame_number":18,"timestamp":0.72,"tracking":{"players":[],"ball":[]}},{"frame_number":19,"timestamp":0.76,"tracking":{"players":[],"ball":[]}},{"frame_number":20,"timestamp":0.8,"tracking":{"players":[],"ball":[]}},{"frame_number":21,"timestamp":0.84,"tracking":{"players":[],"ball":[]}},{"frame_number":22,"timestamp":0.88,"tracking":{"players":[],"ball":[]}},{"frame_number":23,"timestamp":0.92,"tracking":{"players":[],"ball":[]}},{"frame_number":24,"timestamp":0.96,"tracking":{"players":[],"ball":[]}},{"frame_number":25,"timestamp":1,"tracking":{"players":[],"ball":[]}},{"frame_number":26,"timestamp":1.04,"tracking":{"players":[],"ball":[]}},{"frame_number":27,"timestamp":1.08,"tracking":{"players":[],"ball":[]}},{"frame_number":28,"timestamp":1.12,"tracking":{"players":[],"ball":[]}},{"frame_number":29,"timestamp":1.16,"tracking":{"players":[],"ball":[]}}]}
[2025-04-27 05:12:02] Input directory: C:\Users\Hazem Mrad\Desktop\matchupz-web-integration - Copy - Copy/public/uploads/input_videos
[2025-04-27 05:12:02] Output directory: C:\Users\Hazem Mrad\Desktop\matchupz-web-integration - Copy - Copy/public/uploads/output_videos
[2025-04-27 05:12:02] Processed data directory: C:\Users\Hazem Mrad\Desktop\matchupz-web-integration - Copy - Copy\public\uploads\processed_data
[2025-04-27 05:12:02] Input Video Path: C:\Users\Hazem Mrad\Desktop\matchupz-web-integration - Copy - Copy/public/uploads/input_videos\video2-680da082709f7.mp4
[2025-04-27 05:12:02] Output Video Path: C:\Users\Hazem Mrad\Desktop\matchupz-web-integration - Copy - Copy/public/uploads/output_videos\output-video2-680da082709f7.mp4
[2025-04-27 05:12:02] Python Script Path: C:\\Users\\Hazem Mrad\\Desktop\\matchupz-web-integration - Copy\\football_analysis-master\\main.py
[2025-04-27 05:12:02] Executing command: "C:\Users\Hazem Mrad\AppData\Local\Programs\Python\Python310\python.exe" "C:\\Users\\Hazem Mrad\\Desktop\\matchupz-web-integration - Copy\\football_analysis-master\\main.py" --input_video "C:\Users\Hazem Mrad\Desktop\matchupz-web-integration - Copy - Copy/public/uploads/input_videos\video2-680da082709f7.mp4" --output_video "C:\Users\Hazem Mrad\Desktop\matchupz-web-integration - Copy - Copy/public/uploads/output_videos\output-video2-680da082709f7.mp4" 2>&1
[2025-04-27 05:13:27] Processing complete: Output video URL set to: /uploads/output_videos\output-video2-680da082709f7.mp4
[2025-04-27 05:13:27] Output file exists at: C:\Users\Hazem Mrad\Desktop\matchupz-web-integration - Copy - Copy/public/uploads/output_videos\output-video2-680da082709f7.mp4, size: 2977031 bytes
[2025-04-27 05:13:27] Rendering template with output_video_url: /uploads/output_videos\output-video2-680da082709f7.mp4
[2025-04-27 05:13:27] Rendering template with tracking_data: null
[2025-04-27 05:13:27] Input directory: C:\Users\Hazem Mrad\Desktop\matchupz-web-integration - Copy - Copy/public/uploads/input_videos
[2025-04-27 05:13:27] Output directory: C:\Users\Hazem Mrad\Desktop\matchupz-web-integration - Copy - Copy/public/uploads/output_videos
[2025-04-27 05:13:27] Processed data directory: C:\Users\Hazem Mrad\Desktop\matchupz-web-integration - Copy - Copy\public\uploads\processed_data
[2025-04-27 05:13:27] Normalized output directory: C:\Users\Hazem Mrad\Desktop\matchupz-web-integration - Copy - Copy\public\uploads\output_videos
[2025-04-27 05:13:27] All files in C:\Users\Hazem Mrad\Desktop\matchupz-web-integration - Copy - Copy\public\uploads\output_videos: ., .., keypoint_tracks.json, object_tracks.json, output-video2-680d956aec536.mp4, output-video2-680d972e7779b.mp4, output-video2-680d98b8d6b44.mp4, output-video2-680d9ae7ab020.mp4, output-video2-680da082709f7.mp4
[2025-04-27 05:13:27] Looking for output videos with pattern: C:\Users\Hazem Mrad\Desktop\matchupz-web-integration - Copy - Copy\public\uploads\output_videos\output-*.mp4
[2025-04-27 05:13:27] Found 5 output videos in C:\Users\Hazem Mrad\Desktop\matchupz-web-integration - Copy - Copy\public\uploads\output_videos
[2025-04-27 05:13:27] Found output video: C:\Users\Hazem Mrad\Desktop\matchupz-web-integration - Copy - Copy\public\uploads\output_videos\output-video2-680d956aec536.mp4
[2025-04-27 05:13:27] Found output video: C:\Users\Hazem Mrad\Desktop\matchupz-web-integration - Copy - Copy\public\uploads\output_videos\output-video2-680d972e7779b.mp4
[2025-04-27 05:13:27] Found output video: C:\Users\Hazem Mrad\Desktop\matchupz-web-integration - Copy - Copy\public\uploads\output_videos\output-video2-680d98b8d6b44.mp4
[2025-04-27 05:13:27] Found output video: C:\Users\Hazem Mrad\Desktop\matchupz-web-integration - Copy - Copy\public\uploads\output_videos\output-video2-680d9ae7ab020.mp4
[2025-04-27 05:13:27] Found output video: C:\Users\Hazem Mrad\Desktop\matchupz-web-integration - Copy - Copy\public\uploads\output_videos\output-video2-680da082709f7.mp4
[2025-04-27 05:13:27] Latest output video URL set to: /uploads/output_videos/output-video2-680da082709f7.mp4
[2025-04-27 05:13:27] Latest output file exists at: C:\Users\Hazem Mrad\Desktop\matchupz-web-integration - Copy - Copy\public\uploads\output_videos\output-video2-680da082709f7.mp4, size: 2977031 bytes
[2025-04-27 05:13:27] Found 13 JSON files in C:\Users\Hazem Mrad\Desktop\matchupz-web-integration - Copy - Copy\public\uploads\processed_data
[2025-04-27 05:13:27] Latest JSON file: C:\Users\Hazem Mrad\Desktop\matchupz-web-integration - Copy - Copy\public\uploads\processed_data\output-video2-680da082709f7.json
[2025-04-27 05:13:27] Tracking data loaded from: C:\Users\Hazem Mrad\Desktop\matchupz-web-integration - Copy - Copy\public\uploads\processed_data\output-video2-680da082709f7.json
[2025-04-27 05:13:27] Tracking data contents: {"video_source":"C:\\Users\\Hazem Mrad\\Desktop\\matchupz-web-integration - Copy - Copy\/public\/uploads\/input_videos\\video2-680da082709f7.mp4","fps":25,"frames":[{"frame_number":5,"timestamp":0.2,"tracking":{"players":[],"ball":[]}},{"frame_number":6,"timestamp":0.24,"tracking":{"players":[],"ball":[]}},{"frame_number":7,"timestamp":0.28,"tracking":{"players":[],"ball":[]}},{"frame_number":8,"timestamp":0.32,"tracking":{"players":[],"ball":[]}},{"frame_number":9,"timestamp":0.36,"tracking":{"players":[],"ball":[]}},{"frame_number":10,"timestamp":0.4,"tracking":{"players":[],"ball":[]}},{"frame_number":11,"timestamp":0.44,"tracking":{"players":[],"ball":[]}},{"frame_number":12,"timestamp":0.48,"tracking":{"players":[],"ball":[]}},{"frame_number":13,"timestamp":0.52,"tracking":{"players":[],"ball":[]}},{"frame_number":14,"timestamp":0.56,"tracking":{"players":[],"ball":[]}},{"frame_number":15,"timestamp":0.6,"tracking":{"players":[],"ball":[]}},{"frame_number":16,"timestamp":0.64,"tracking":{"players":[],"ball":[]}},{"frame_number":17,"timestamp":0.68,"tracking":{"players":[],"ball":[]}},{"frame_number":18,"timestamp":0.72,"tracking":{"players":[],"ball":[]}},{"frame_number":19,"timestamp":0.76,"tracking":{"players":[],"ball":[]}},{"frame_number":20,"timestamp":0.8,"tracking":{"players":[],"ball":[]}},{"frame_number":21,"timestamp":0.84,"tracking":{"players":[],"ball":[]}},{"frame_number":22,"timestamp":0.88,"tracking":{"players":[],"ball":[]}},{"frame_number":23,"timestamp":0.92,"tracking":{"players":[],"ball":[]}},{"frame_number":24,"timestamp":0.96,"tracking":{"players":[],"ball":[]}},{"frame_number":25,"timestamp":1,"tracking":{"players":[],"ball":[]}},{"frame_number":26,"timestamp":1.04,"tracking":{"players":[],"ball":[]}},{"frame_number":27,"timestamp":1.08,"tracking":{"players":[],"ball":[]}},{"frame_number":28,"timestamp":1.12,"tracking":{"players":[],"ball":[]}},{"frame_number":29,"timestamp":1.16,"tracking":{"players":[],"ball":[]}},{"frame_number":30,"timestamp":1.2,"tracking":{"players":[],"ball":[]}},{"frame_number":31,"timestamp":1.24,"tracking":{"players":[],"ball":[]}},{"frame_number":32,"timestamp":1.28,"tracking":{"players":[],"ball":[]}},{"frame_number":33,"timestamp":1.32,"tracking":{"players":[],"ball":[]}},{"frame_number":34,"timestamp":1.36,"tracking":{"players":[],"ball":[]}},{"frame_number":35,"timestamp":1.4,"tracking":{"players":[],"ball":[]}},{"frame_number":36,"timestamp":1.44,"tracking":{"players":[],"ball":[]}},{"frame_number":37,"timestamp":1.48,"tracking":{"players":[],"ball":[]}},{"frame_number":38,"timestamp":1.52,"tracking":{"players":[],"ball":[]}},{"frame_number":39,"timestamp":1.56,"tracking":{"players":[],"ball":[]}},{"frame_number":40,"timestamp":1.6,"tracking":{"players":[],"ball":[]}},{"frame_number":41,"timestamp":1.64,"tracking":{"players":[],"ball":[]}},{"frame_number":42,"timestamp":1.68,"tracking":{"players":[],"ball":[]}},{"frame_number":43,"timestamp":1.72,"tracking":{"players":[],"ball":[]}},{"frame_number":44,"timestamp":1.76,"tracking":{"players":[],"ball":[]}},{"frame_number":45,"timestamp":1.8,"tracking":{"players":[],"ball":[]}},{"frame_number":46,"timestamp":1.84,"tracking":{"players":[],"ball":[]}},{"frame_number":47,"timestamp":1.88,"tracking":{"players":[],"ball":[]}},{"frame_number":48,"timestamp":1.92,"tracking":{"players":[],"ball":[]}},{"frame_number":49,"timestamp":1.96,"tracking":{"players":[],"ball":[]}},{"frame_number":50,"timestamp":2,"tracking":{"players":[],"ball":[]}},{"frame_number":51,"timestamp":2.04,"tracking":{"players":[],"ball":[]}},{"frame_number":52,"timestamp":2.08,"tracking":{"players":[],"ball":[]}},{"frame_number":53,"timestamp":2.12,"tracking":{"players":[],"ball":[]}},{"frame_number":54,"timestamp":2.16,"tracking":{"players":[],"ball":[]}},{"frame_number":55,"timestamp":2.2,"tracking":{"players":[],"ball":[]}},{"frame_number":56,"timestamp":2.24,"tracking":{"players":[],"ball":[]}},{"frame_number":57,"timestamp":2.28,"tracking":{"players":[],"ball":[]}},{"frame_number":58,"timestamp":2.32,"tracking":{"players":[],"ball":[]}},{"frame_number":59,"timestamp":2.36,"tracking":{"players":[],"ball":[]}},{"frame_number":60,"timestamp":2.4,"tracking":{"players":[],"ball":[]}},{"frame_number":61,"timestamp":2.44,"tracking":{"players":[],"ball":[]}},{"frame_number":62,"timestamp":2.48,"tracking":{"players":[],"ball":[]}},{"frame_number":63,"timestamp":2.52,"tracking":{"players":[],"ball":[]}},{"frame_number":64,"timestamp":2.56,"tracking":{"players":[],"ball":[]}},{"frame_number":65,"timestamp":2.6,"tracking":{"players":[],"ball":[]}},{"frame_number":66,"timestamp":2.64,"tracking":{"players":[],"ball":[]}},{"frame_number":67,"timestamp":2.68,"tracking":{"players":[],"ball":[]}},{"frame_number":68,"timestamp":2.72,"tracking":{"players":[],"ball":[]}},{"frame_number":69,"timestamp":2.76,"tracking":{"players":[],"ball":[]}},{"frame_number":70,"timestamp":2.8,"tracking":{"players":[],"ball":[]}},{"frame_number":71,"timestamp":2.84,"tracking":{"players":[],"ball":[]}},{"frame_number":72,"timestamp":2.88,"tracking":{"players":[],"ball":[]}},{"frame_number":73,"timestamp":2.92,"tracking":{"players":[],"ball":[]}},{"frame_number":74,"timestamp":2.96,"tracking":{"players":[],"ball":[]}},{"frame_number":75,"timestamp":3,"tracking":{"players":[],"ball":[]}},{"frame_number":76,"timestamp":3.04,"tracking":{"players":[],"ball":[]}},{"frame_number":77,"timestamp":3.08,"tracking":{"players":[],"ball":[]}},{"frame_number":78,"timestamp":3.12,"tracking":{"players":[],"ball":[]}},{"frame_number":79,"timestamp":3.16,"tracking":{"players":[],"ball":[]}},{"frame_number":80,"timestamp":3.2,"tracking":{"players":[],"ball":[]}},{"frame_number":81,"timestamp":3.24,"tracking":{"players":[],"ball":[]}},{"frame_number":82,"timestamp":3.28,"tracking":{"players":[],"ball":[]}},{"frame_number":83,"timestamp":3.32,"tracking":{"players":[],"ball":[]}},{"frame_number":84,"timestamp":3.36,"tracking":{"players":[],"ball":[]}},{"frame_number":85,"timestamp":3.4,"tracking":{"players":[],"ball":[]}},{"frame_number":86,"timestamp":3.44,"tracking":{"players":[],"ball":[]}},{"frame_number":87,"timestamp":3.48,"tracking":{"players":[],"ball":[]}},{"frame_number":88,"timestamp":3.52,"tracking":{"players":[],"ball":[]}},{"frame_number":89,"timestamp":3.56,"tracking":{"players":[],"ball":[]}},{"frame_number":90,"timestamp":3.6,"tracking":{"players":[],"ball":[]}},{"frame_number":91,"timestamp":3.64,"tracking":{"players":[],"ball":[]}},{"frame_number":92,"timestamp":3.68,"tracking":{"players":[],"ball":[]}},{"frame_number":93,"timestamp":3.72,"tracking":{"players":[],"ball":[]}},{"frame_number":94,"timestamp":3.76,"tracking":{"players":[],"ball":[]}},{"frame_number":95,"timestamp":3.8,"tracking":{"players":[],"ball":[]}},{"frame_number":96,"timestamp":3.84,"tracking":{"players":[],"ball":[]}},{"frame_number":97,"timestamp":3.88,"tracking":{"players":[],"ball":[]}},{"frame_number":98,"timestamp":3.92,"tracking":{"players":[],"ball":[]}},{"frame_number":99,"timestamp":3.96,"tracking":{"players":[],"ball":[]}}]}
[2025-04-27 05:13:27] Rendering template with output_video_url: /uploads/output_videos/output-video2-680da082709f7.mp4
[2025-04-27 05:13:27] Rendering template with tracking_data: {"video_source":"C:\\Users\\Hazem Mrad\\Desktop\\matchupz-web-integration - Copy - Copy\/public\/uploads\/input_videos\\video2-680da082709f7.mp4","fps":25,"frames":[{"frame_number":5,"timestamp":0.2,"tracking":{"players":[],"ball":[]}},{"frame_number":6,"timestamp":0.24,"tracking":{"players":[],"ball":[]}},{"frame_number":7,"timestamp":0.28,"tracking":{"players":[],"ball":[]}},{"frame_number":8,"timestamp":0.32,"tracking":{"players":[],"ball":[]}},{"frame_number":9,"timestamp":0.36,"tracking":{"players":[],"ball":[]}},{"frame_number":10,"timestamp":0.4,"tracking":{"players":[],"ball":[]}},{"frame_number":11,"timestamp":0.44,"tracking":{"players":[],"ball":[]}},{"frame_number":12,"timestamp":0.48,"tracking":{"players":[],"ball":[]}},{"frame_number":13,"timestamp":0.52,"tracking":{"players":[],"ball":[]}},{"frame_number":14,"timestamp":0.56,"tracking":{"players":[],"ball":[]}},{"frame_number":15,"timestamp":0.6,"tracking":{"players":[],"ball":[]}},{"frame_number":16,"timestamp":0.64,"tracking":{"players":[],"ball":[]}},{"frame_number":17,"timestamp":0.68,"tracking":{"players":[],"ball":[]}},{"frame_number":18,"timestamp":0.72,"tracking":{"players":[],"ball":[]}},{"frame_number":19,"timestamp":0.76,"tracking":{"players":[],"ball":[]}},{"frame_number":20,"timestamp":0.8,"tracking":{"players":[],"ball":[]}},{"frame_number":21,"timestamp":0.84,"tracking":{"players":[],"ball":[]}},{"frame_number":22,"timestamp":0.88,"tracking":{"players":[],"ball":[]}},{"frame_number":23,"timestamp":0.92,"tracking":{"players":[],"ball":[]}},{"frame_number":24,"timestamp":0.96,"tracking":{"players":[],"ball":[]}},{"frame_number":25,"timestamp":1,"tracking":{"players":[],"ball":[]}},{"frame_number":26,"timestamp":1.04,"tracking":{"players":[],"ball":[]}},{"frame_number":27,"timestamp":1.08,"tracking":{"players":[],"ball":[]}},{"frame_number":28,"timestamp":1.12,"tracking":{"players":[],"ball":[]}},{"frame_number":29,"timestamp":1.16,"tracking":{"players":[],"ball":[]}},{"frame_number":30,"timestamp":1.2,"tracking":{"players":[],"ball":[]}},{"frame_number":31,"timestamp":1.24,"tracking":{"players":[],"ball":[]}},{"frame_number":32,"timestamp":1.28,"tracking":{"players":[],"ball":[]}},{"frame_number":33,"timestamp":1.32,"tracking":{"players":[],"ball":[]}},{"frame_number":34,"timestamp":1.36,"tracking":{"players":[],"ball":[]}},{"frame_number":35,"timestamp":1.4,"tracking":{"players":[],"ball":[]}},{"frame_number":36,"timestamp":1.44,"tracking":{"players":[],"ball":[]}},{"frame_number":37,"timestamp":1.48,"tracking":{"players":[],"ball":[]}},{"frame_number":38,"timestamp":1.52,"tracking":{"players":[],"ball":[]}},{"frame_number":39,"timestamp":1.56,"tracking":{"players":[],"ball":[]}},{"frame_number":40,"timestamp":1.6,"tracking":{"players":[],"ball":[]}},{"frame_number":41,"timestamp":1.64,"tracking":{"players":[],"ball":[]}},{"frame_number":42,"timestamp":1.68,"tracking":{"players":[],"ball":[]}},{"frame_number":43,"timestamp":1.72,"tracking":{"players":[],"ball":[]}},{"frame_number":44,"timestamp":1.76,"tracking":{"players":[],"ball":[]}},{"frame_number":45,"timestamp":1.8,"tracking":{"players":[],"ball":[]}},{"frame_number":46,"timestamp":1.84,"tracking":{"players":[],"ball":[]}},{"frame_number":47,"timestamp":1.88,"tracking":{"players":[],"ball":[]}},{"frame_number":48,"timestamp":1.92,"tracking":{"players":[],"ball":[]}},{"frame_number":49,"timestamp":1.96,"tracking":{"players":[],"ball":[]}},{"frame_number":50,"timestamp":2,"tracking":{"players":[],"ball":[]}},{"frame_number":51,"timestamp":2.04,"tracking":{"players":[],"ball":[]}},{"frame_number":52,"timestamp":2.08,"tracking":{"players":[],"ball":[]}},{"frame_number":53,"timestamp":2.12,"tracking":{"players":[],"ball":[]}},{"frame_number":54,"timestamp":2.16,"tracking":{"players":[],"ball":[]}},{"frame_number":55,"timestamp":2.2,"tracking":{"players":[],"ball":[]}},{"frame_number":56,"timestamp":2.24,"tracking":{"players":[],"ball":[]}},{"frame_number":57,"timestamp":2.28,"tracking":{"players":[],"ball":[]}},{"frame_number":58,"timestamp":2.32,"tracking":{"players":[],"ball":[]}},{"frame_number":59,"timestamp":2.36,"tracking":{"players":[],"ball":[]}},{"frame_number":60,"timestamp":2.4,"tracking":{"players":[],"ball":[]}},{"frame_number":61,"timestamp":2.44,"tracking":{"players":[],"ball":[]}},{"frame_number":62,"timestamp":2.48,"tracking":{"players":[],"ball":[]}},{"frame_number":63,"timestamp":2.52,"tracking":{"players":[],"ball":[]}},{"frame_number":64,"timestamp":2.56,"tracking":{"players":[],"ball":[]}},{"frame_number":65,"timestamp":2.6,"tracking":{"players":[],"ball":[]}},{"frame_number":66,"timestamp":2.64,"tracking":{"players":[],"ball":[]}},{"frame_number":67,"timestamp":2.68,"tracking":{"players":[],"ball":[]}},{"frame_number":68,"timestamp":2.72,"tracking":{"players":[],"ball":[]}},{"frame_number":69,"timestamp":2.76,"tracking":{"players":[],"ball":[]}},{"frame_number":70,"timestamp":2.8,"tracking":{"players":[],"ball":[]}},{"frame_number":71,"timestamp":2.84,"tracking":{"players":[],"ball":[]}},{"frame_number":72,"timestamp":2.88,"tracking":{"players":[],"ball":[]}},{"frame_number":73,"timestamp":2.92,"tracking":{"players":[],"ball":[]}},{"frame_number":74,"timestamp":2.96,"tracking":{"players":[],"ball":[]}},{"frame_number":75,"timestamp":3,"tracking":{"players":[],"ball":[]}},{"frame_number":76,"timestamp":3.04,"tracking":{"players":[],"ball":[]}},{"frame_number":77,"timestamp":3.08,"tracking":{"players":[],"ball":[]}},{"frame_number":78,"timestamp":3.12,"tracking":{"players":[],"ball":[]}},{"frame_number":79,"timestamp":3.16,"tracking":{"players":[],"ball":[]}},{"frame_number":80,"timestamp":3.2,"tracking":{"players":[],"ball":[]}},{"frame_number":81,"timestamp":3.24,"tracking":{"players":[],"ball":[]}},{"frame_number":82,"timestamp":3.28,"tracking":{"players":[],"ball":[]}},{"frame_number":83,"timestamp":3.32,"tracking":{"players":[],"ball":[]}},{"frame_number":84,"timestamp":3.36,"tracking":{"players":[],"ball":[]}},{"frame_number":85,"timestamp":3.4,"tracking":{"players":[],"ball":[]}},{"frame_number":86,"timestamp":3.44,"tracking":{"players":[],"ball":[]}},{"frame_number":87,"timestamp":3.48,"tracking":{"players":[],"ball":[]}},{"frame_number":88,"timestamp":3.52,"tracking":{"players":[],"ball":[]}},{"frame_number":89,"timestamp":3.56,"tracking":{"players":[],"ball":[]}},{"frame_number":90,"timestamp":3.6,"tracking":{"players":[],"ball":[]}},{"frame_number":91,"timestamp":3.64,"tracking":{"players":[],"ball":[]}},{"frame_number":92,"timestamp":3.68,"tracking":{"players":[],"ball":[]}},{"frame_number":93,"timestamp":3.72,"tracking":{"players":[],"ball":[]}},{"frame_number":94,"timestamp":3.76,"tracking":{"players":[],"ball":[]}},{"frame_number":95,"timestamp":3.8,"tracking":{"players":[],"ball":[]}},{"frame_number":96,"timestamp":3.84,"tracking":{"players":[],"ball":[]}},{"frame_number":97,"timestamp":3.88,"tracking":{"players":[],"ball":[]}},{"frame_number":98,"timestamp":3.92,"tracking":{"players":[],"ball":[]}},{"frame_number":99,"timestamp":3.96,"tracking":{"players":[],"ball":[]}}]}
[2025-04-27 05:25:31] Input directory: C:\Users\Hazem Mrad\Desktop\matchupz-web-integration - Copy - Copy/public/uploads/input_videos
[2025-04-27 05:25:31] Output directory: C:\Users\Hazem Mrad\Desktop\matchupz-web-integration - Copy - Copy/public/uploads/output_videos
[2025-04-27 05:25:31] Processed data directory: C:\Users\Hazem Mrad\Desktop\matchupz-web-integration - Copy - Copy\public\uploads\processed_data
[2025-04-27 05:25:31] Normalized output directory: C:\Users\Hazem Mrad\Desktop\matchupz-web-integration - Copy - Copy\public\uploads\output_videos
[2025-04-27 05:25:31] All files in C:\Users\Hazem Mrad\Desktop\matchupz-web-integration - Copy - Copy\public\uploads\output_videos: ., .., keypoint_tracks.json, object_tracks.json, output-video2-680d956aec536.mp4, output-video2-680d972e7779b.mp4, output-video2-680d98b8d6b44.mp4, output-video2-680d9ae7ab020.mp4, output-video2-680da082709f7.mp4
[2025-04-27 05:25:31] Looking for output videos with pattern: C:\Users\Hazem Mrad\Desktop\matchupz-web-integration - Copy - Copy\public\uploads\output_videos\output-*.mp4
[2025-04-27 05:25:31] Found 5 output videos in C:\Users\Hazem Mrad\Desktop\matchupz-web-integration - Copy - Copy\public\uploads\output_videos
[2025-04-27 05:25:31] Found output video: C:\Users\Hazem Mrad\Desktop\matchupz-web-integration - Copy - Copy\public\uploads\output_videos\output-video2-680d956aec536.mp4
[2025-04-27 05:25:31] Found output video: C:\Users\Hazem Mrad\Desktop\matchupz-web-integration - Copy - Copy\public\uploads\output_videos\output-video2-680d972e7779b.mp4
[2025-04-27 05:25:31] Found output video: C:\Users\Hazem Mrad\Desktop\matchupz-web-integration - Copy - Copy\public\uploads\output_videos\output-video2-680d98b8d6b44.mp4
[2025-04-27 05:25:31] Found output video: C:\Users\Hazem Mrad\Desktop\matchupz-web-integration - Copy - Copy\public\uploads\output_videos\output-video2-680d9ae7ab020.mp4
[2025-04-27 05:25:31] Found output video: C:\Users\Hazem Mrad\Desktop\matchupz-web-integration - Copy - Copy\public\uploads\output_videos\output-video2-680da082709f7.mp4
[2025-04-27 05:25:31] Latest output video URL set to: /uploads/output_videos/output-video2-680da082709f7.mp4
[2025-04-27 05:25:31] Latest output file exists at: C:\Users\Hazem Mrad\Desktop\matchupz-web-integration - Copy - Copy\public\uploads\output_videos\output-video2-680da082709f7.mp4, size: 2977031 bytes
[2025-04-27 05:25:31] Found 13 JSON files in C:\Users\Hazem Mrad\Desktop\matchupz-web-integration - Copy - Copy\public\uploads\processed_data
[2025-04-27 05:25:31] Latest JSON file: C:\Users\Hazem Mrad\Desktop\matchupz-web-integration - Copy - Copy\public\uploads\processed_data\output-video2-680da082709f7.json
[2025-04-27 05:25:31] Tracking data loaded from: C:\Users\Hazem Mrad\Desktop\matchupz-web-integration - Copy - Copy\public\uploads\processed_data\output-video2-680da082709f7.json
[2025-04-27 05:25:31] Tracking data contents: {"video_source":"C:\\Users\\Hazem Mrad\\Desktop\\matchupz-web-integration - Copy - Copy\/public\/uploads\/input_videos\\video2-680da082709f7.mp4","fps":25,"frames":[{"frame_number":5,"timestamp":0.2,"tracking":{"players":[],"ball":[]}},{"frame_number":6,"timestamp":0.24,"tracking":{"players":[],"ball":[]}},{"frame_number":7,"timestamp":0.28,"tracking":{"players":[],"ball":[]}},{"frame_number":8,"timestamp":0.32,"tracking":{"players":[],"ball":[]}},{"frame_number":9,"timestamp":0.36,"tracking":{"players":[],"ball":[]}},{"frame_number":10,"timestamp":0.4,"tracking":{"players":[],"ball":[]}},{"frame_number":11,"timestamp":0.44,"tracking":{"players":[],"ball":[]}},{"frame_number":12,"timestamp":0.48,"tracking":{"players":[],"ball":[]}},{"frame_number":13,"timestamp":0.52,"tracking":{"players":[],"ball":[]}},{"frame_number":14,"timestamp":0.56,"tracking":{"players":[],"ball":[]}},{"frame_number":15,"timestamp":0.6,"tracking":{"players":[],"ball":[]}},{"frame_number":16,"timestamp":0.64,"tracking":{"players":[],"ball":[]}},{"frame_number":17,"timestamp":0.68,"tracking":{"players":[],"ball":[]}},{"frame_number":18,"timestamp":0.72,"tracking":{"players":[],"ball":[]}},{"frame_number":19,"timestamp":0.76,"tracking":{"players":[],"ball":[]}},{"frame_number":20,"timestamp":0.8,"tracking":{"players":[],"ball":[]}},{"frame_number":21,"timestamp":0.84,"tracking":{"players":[],"ball":[]}},{"frame_number":22,"timestamp":0.88,"tracking":{"players":[],"ball":[]}},{"frame_number":23,"timestamp":0.92,"tracking":{"players":[],"ball":[]}},{"frame_number":24,"timestamp":0.96,"tracking":{"players":[],"ball":[]}},{"frame_number":25,"timestamp":1,"tracking":{"players":[],"ball":[]}},{"frame_number":26,"timestamp":1.04,"tracking":{"players":[],"ball":[]}},{"frame_number":27,"timestamp":1.08,"tracking":{"players":[],"ball":[]}},{"frame_number":28,"timestamp":1.12,"tracking":{"players":[],"ball":[]}},{"frame_number":29,"timestamp":1.16,"tracking":{"players":[],"ball":[]}},{"frame_number":30,"timestamp":1.2,"tracking":{"players":[],"ball":[]}},{"frame_number":31,"timestamp":1.24,"tracking":{"players":[],"ball":[]}},{"frame_number":32,"timestamp":1.28,"tracking":{"players":[],"ball":[]}},{"frame_number":33,"timestamp":1.32,"tracking":{"players":[],"ball":[]}},{"frame_number":34,"timestamp":1.36,"tracking":{"players":[],"ball":[]}},{"frame_number":35,"timestamp":1.4,"tracking":{"players":[],"ball":[]}},{"frame_number":36,"timestamp":1.44,"tracking":{"players":[],"ball":[]}},{"frame_number":37,"timestamp":1.48,"tracking":{"players":[],"ball":[]}},{"frame_number":38,"timestamp":1.52,"tracking":{"players":[],"ball":[]}},{"frame_number":39,"timestamp":1.56,"tracking":{"players":[],"ball":[]}},{"frame_number":40,"timestamp":1.6,"tracking":{"players":[],"ball":[]}},{"frame_number":41,"timestamp":1.64,"tracking":{"players":[],"ball":[]}},{"frame_number":42,"timestamp":1.68,"tracking":{"players":[],"ball":[]}},{"frame_number":43,"timestamp":1.72,"tracking":{"players":[],"ball":[]}},{"frame_number":44,"timestamp":1.76,"tracking":{"players":[],"ball":[]}},{"frame_number":45,"timestamp":1.8,"tracking":{"players":[],"ball":[]}},{"frame_number":46,"timestamp":1.84,"tracking":{"players":[],"ball":[]}},{"frame_number":47,"timestamp":1.88,"tracking":{"players":[],"ball":[]}},{"frame_number":48,"timestamp":1.92,"tracking":{"players":[],"ball":[]}},{"frame_number":49,"timestamp":1.96,"tracking":{"players":[],"ball":[]}},{"frame_number":50,"timestamp":2,"tracking":{"players":[],"ball":[]}},{"frame_number":51,"timestamp":2.04,"tracking":{"players":[],"ball":[]}},{"frame_number":52,"timestamp":2.08,"tracking":{"players":[],"ball":[]}},{"frame_number":53,"timestamp":2.12,"tracking":{"players":[],"ball":[]}},{"frame_number":54,"timestamp":2.16,"tracking":{"players":[],"ball":[]}},{"frame_number":55,"timestamp":2.2,"tracking":{"players":[],"ball":[]}},{"frame_number":56,"timestamp":2.24,"tracking":{"players":[],"ball":[]}},{"frame_number":57,"timestamp":2.28,"tracking":{"players":[],"ball":[]}},{"frame_number":58,"timestamp":2.32,"tracking":{"players":[],"ball":[]}},{"frame_number":59,"timestamp":2.36,"tracking":{"players":[],"ball":[]}},{"frame_number":60,"timestamp":2.4,"tracking":{"players":[],"ball":[]}},{"frame_number":61,"timestamp":2.44,"tracking":{"players":[],"ball":[]}},{"frame_number":62,"timestamp":2.48,"tracking":{"players":[],"ball":[]}},{"frame_number":63,"timestamp":2.52,"tracking":{"players":[],"ball":[]}},{"frame_number":64,"timestamp":2.56,"tracking":{"players":[],"ball":[]}},{"frame_number":65,"timestamp":2.6,"tracking":{"players":[],"ball":[]}},{"frame_number":66,"timestamp":2.64,"tracking":{"players":[],"ball":[]}},{"frame_number":67,"timestamp":2.68,"tracking":{"players":[],"ball":[]}},{"frame_number":68,"timestamp":2.72,"tracking":{"players":[],"ball":[]}},{"frame_number":69,"timestamp":2.76,"tracking":{"players":[],"ball":[]}},{"frame_number":70,"timestamp":2.8,"tracking":{"players":[],"ball":[]}},{"frame_number":71,"timestamp":2.84,"tracking":{"players":[],"ball":[]}},{"frame_number":72,"timestamp":2.88,"tracking":{"players":[],"ball":[]}},{"frame_number":73,"timestamp":2.92,"tracking":{"players":[],"ball":[]}},{"frame_number":74,"timestamp":2.96,"tracking":{"players":[],"ball":[]}},{"frame_number":75,"timestamp":3,"tracking":{"players":[],"ball":[]}},{"frame_number":76,"timestamp":3.04,"tracking":{"players":[],"ball":[]}},{"frame_number":77,"timestamp":3.08,"tracking":{"players":[],"ball":[]}},{"frame_number":78,"timestamp":3.12,"tracking":{"players":[],"ball":[]}},{"frame_number":79,"timestamp":3.16,"tracking":{"players":[],"ball":[]}},{"frame_number":80,"timestamp":3.2,"tracking":{"players":[],"ball":[]}},{"frame_number":81,"timestamp":3.24,"tracking":{"players":[],"ball":[]}},{"frame_number":82,"timestamp":3.28,"tracking":{"players":[],"ball":[]}},{"frame_number":83,"timestamp":3.32,"tracking":{"players":[],"ball":[]}},{"frame_number":84,"timestamp":3.36,"tracking":{"players":[],"ball":[]}},{"frame_number":85,"timestamp":3.4,"tracking":{"players":[],"ball":[]}},{"frame_number":86,"timestamp":3.44,"tracking":{"players":[],"ball":[]}},{"frame_number":87,"timestamp":3.48,"tracking":{"players":[],"ball":[]}},{"frame_number":88,"timestamp":3.52,"tracking":{"players":[],"ball":[]}},{"frame_number":89,"timestamp":3.56,"tracking":{"players":[],"ball":[]}},{"frame_number":90,"timestamp":3.6,"tracking":{"players":[],"ball":[]}},{"frame_number":91,"timestamp":3.64,"tracking":{"players":[],"ball":[]}},{"frame_number":92,"timestamp":3.68,"tracking":{"players":[],"ball":[]}},{"frame_number":93,"timestamp":3.72,"tracking":{"players":[],"ball":[]}},{"frame_number":94,"timestamp":3.76,"tracking":{"players":[],"ball":[]}},{"frame_number":95,"timestamp":3.8,"tracking":{"players":[],"ball":[]}},{"frame_number":96,"timestamp":3.84,"tracking":{"players":[],"ball":[]}},{"frame_number":97,"timestamp":3.88,"tracking":{"players":[],"ball":[]}},{"frame_number":98,"timestamp":3.92,"tracking":{"players":[],"ball":[]}},{"frame_number":99,"timestamp":3.96,"tracking":{"players":[],"ball":[]}}]}
[2025-04-27 05:25:31] Rendering template with output_video_url: /uploads/output_videos/output-video2-680da082709f7.mp4
[2025-04-27 05:25:31] Rendering template with tracking_data: {"video_source":"C:\\Users\\Hazem Mrad\\Desktop\\matchupz-web-integration - Copy - Copy\/public\/uploads\/input_videos\\video2-680da082709f7.mp4","fps":25,"frames":[{"frame_number":5,"timestamp":0.2,"tracking":{"players":[],"ball":[]}},{"frame_number":6,"timestamp":0.24,"tracking":{"players":[],"ball":[]}},{"frame_number":7,"timestamp":0.28,"tracking":{"players":[],"ball":[]}},{"frame_number":8,"timestamp":0.32,"tracking":{"players":[],"ball":[]}},{"frame_number":9,"timestamp":0.36,"tracking":{"players":[],"ball":[]}},{"frame_number":10,"timestamp":0.4,"tracking":{"players":[],"ball":[]}},{"frame_number":11,"timestamp":0.44,"tracking":{"players":[],"ball":[]}},{"frame_number":12,"timestamp":0.48,"tracking":{"players":[],"ball":[]}},{"frame_number":13,"timestamp":0.52,"tracking":{"players":[],"ball":[]}},{"frame_number":14,"timestamp":0.56,"tracking":{"players":[],"ball":[]}},{"frame_number":15,"timestamp":0.6,"tracking":{"players":[],"ball":[]}},{"frame_number":16,"timestamp":0.64,"tracking":{"players":[],"ball":[]}},{"frame_number":17,"timestamp":0.68,"tracking":{"players":[],"ball":[]}},{"frame_number":18,"timestamp":0.72,"tracking":{"players":[],"ball":[]}},{"frame_number":19,"timestamp":0.76,"tracking":{"players":[],"ball":[]}},{"frame_number":20,"timestamp":0.8,"tracking":{"players":[],"ball":[]}},{"frame_number":21,"timestamp":0.84,"tracking":{"players":[],"ball":[]}},{"frame_number":22,"timestamp":0.88,"tracking":{"players":[],"ball":[]}},{"frame_number":23,"timestamp":0.92,"tracking":{"players":[],"ball":[]}},{"frame_number":24,"timestamp":0.96,"tracking":{"players":[],"ball":[]}},{"frame_number":25,"timestamp":1,"tracking":{"players":[],"ball":[]}},{"frame_number":26,"timestamp":1.04,"tracking":{"players":[],"ball":[]}},{"frame_number":27,"timestamp":1.08,"tracking":{"players":[],"ball":[]}},{"frame_number":28,"timestamp":1.12,"tracking":{"players":[],"ball":[]}},{"frame_number":29,"timestamp":1.16,"tracking":{"players":[],"ball":[]}},{"frame_number":30,"timestamp":1.2,"tracking":{"players":[],"ball":[]}},{"frame_number":31,"timestamp":1.24,"tracking":{"players":[],"ball":[]}},{"frame_number":32,"timestamp":1.28,"tracking":{"players":[],"ball":[]}},{"frame_number":33,"timestamp":1.32,"tracking":{"players":[],"ball":[]}},{"frame_number":34,"timestamp":1.36,"tracking":{"players":[],"ball":[]}},{"frame_number":35,"timestamp":1.4,"tracking":{"players":[],"ball":[]}},{"frame_number":36,"timestamp":1.44,"tracking":{"players":[],"ball":[]}},{"frame_number":37,"timestamp":1.48,"tracking":{"players":[],"ball":[]}},{"frame_number":38,"timestamp":1.52,"tracking":{"players":[],"ball":[]}},{"frame_number":39,"timestamp":1.56,"tracking":{"players":[],"ball":[]}},{"frame_number":40,"timestamp":1.6,"tracking":{"players":[],"ball":[]}},{"frame_number":41,"timestamp":1.64,"tracking":{"players":[],"ball":[]}},{"frame_number":42,"timestamp":1.68,"tracking":{"players":[],"ball":[]}},{"frame_number":43,"timestamp":1.72,"tracking":{"players":[],"ball":[]}},{"frame_number":44,"timestamp":1.76,"tracking":{"players":[],"ball":[]}},{"frame_number":45,"timestamp":1.8,"tracking":{"players":[],"ball":[]}},{"frame_number":46,"timestamp":1.84,"tracking":{"players":[],"ball":[]}},{"frame_number":47,"timestamp":1.88,"tracking":{"players":[],"ball":[]}},{"frame_number":48,"timestamp":1.92,"tracking":{"players":[],"ball":[]}},{"frame_number":49,"timestamp":1.96,"tracking":{"players":[],"ball":[]}},{"frame_number":50,"timestamp":2,"tracking":{"players":[],"ball":[]}},{"frame_number":51,"timestamp":2.04,"tracking":{"players":[],"ball":[]}},{"frame_number":52,"timestamp":2.08,"tracking":{"players":[],"ball":[]}},{"frame_number":53,"timestamp":2.12,"tracking":{"players":[],"ball":[]}},{"frame_number":54,"timestamp":2.16,"tracking":{"players":[],"ball":[]}},{"frame_number":55,"timestamp":2.2,"tracking":{"players":[],"ball":[]}},{"frame_number":56,"timestamp":2.24,"tracking":{"players":[],"ball":[]}},{"frame_number":57,"timestamp":2.28,"tracking":{"players":[],"ball":[]}},{"frame_number":58,"timestamp":2.32,"tracking":{"players":[],"ball":[]}},{"frame_number":59,"timestamp":2.36,"tracking":{"players":[],"ball":[]}},{"frame_number":60,"timestamp":2.4,"tracking":{"players":[],"ball":[]}},{"frame_number":61,"timestamp":2.44,"tracking":{"players":[],"ball":[]}},{"frame_number":62,"timestamp":2.48,"tracking":{"players":[],"ball":[]}},{"frame_number":63,"timestamp":2.52,"tracking":{"players":[],"ball":[]}},{"frame_number":64,"timestamp":2.56,"tracking":{"players":[],"ball":[]}},{"frame_number":65,"timestamp":2.6,"tracking":{"players":[],"ball":[]}},{"frame_number":66,"timestamp":2.64,"tracking":{"players":[],"ball":[]}},{"frame_number":67,"timestamp":2.68,"tracking":{"players":[],"ball":[]}},{"frame_number":68,"timestamp":2.72,"tracking":{"players":[],"ball":[]}},{"frame_number":69,"timestamp":2.76,"tracking":{"players":[],"ball":[]}},{"frame_number":70,"timestamp":2.8,"tracking":{"players":[],"ball":[]}},{"frame_number":71,"timestamp":2.84,"tracking":{"players":[],"ball":[]}},{"frame_number":72,"timestamp":2.88,"tracking":{"players":[],"ball":[]}},{"frame_number":73,"timestamp":2.92,"tracking":{"players":[],"ball":[]}},{"frame_number":74,"timestamp":2.96,"tracking":{"players":[],"ball":[]}},{"frame_number":75,"timestamp":3,"tracking":{"players":[],"ball":[]}},{"frame_number":76,"timestamp":3.04,"tracking":{"players":[],"ball":[]}},{"frame_number":77,"timestamp":3.08,"tracking":{"players":[],"ball":[]}},{"frame_number":78,"timestamp":3.12,"tracking":{"players":[],"ball":[]}},{"frame_number":79,"timestamp":3.16,"tracking":{"players":[],"ball":[]}},{"frame_number":80,"timestamp":3.2,"tracking":{"players":[],"ball":[]}},{"frame_number":81,"timestamp":3.24,"tracking":{"players":[],"ball":[]}},{"frame_number":82,"timestamp":3.28,"tracking":{"players":[],"ball":[]}},{"frame_number":83,"timestamp":3.32,"tracking":{"players":[],"ball":[]}},{"frame_number":84,"timestamp":3.36,"tracking":{"players":[],"ball":[]}},{"frame_number":85,"timestamp":3.4,"tracking":{"players":[],"ball":[]}},{"frame_number":86,"timestamp":3.44,"tracking":{"players":[],"ball":[]}},{"frame_number":87,"timestamp":3.48,"tracking":{"players":[],"ball":[]}},{"frame_number":88,"timestamp":3.52,"tracking":{"players":[],"ball":[]}},{"frame_number":89,"timestamp":3.56,"tracking":{"players":[],"ball":[]}},{"frame_number":90,"timestamp":3.6,"tracking":{"players":[],"ball":[]}},{"frame_number":91,"timestamp":3.64,"tracking":{"players":[],"ball":[]}},{"frame_number":92,"timestamp":3.68,"tracking":{"players":[],"ball":[]}},{"frame_number":93,"timestamp":3.72,"tracking":{"players":[],"ball":[]}},{"frame_number":94,"timestamp":3.76,"tracking":{"players":[],"ball":[]}},{"frame_number":95,"timestamp":3.8,"tracking":{"players":[],"ball":[]}},{"frame_number":96,"timestamp":3.84,"tracking":{"players":[],"ball":[]}},{"frame_number":97,"timestamp":3.88,"tracking":{"players":[],"ball":[]}},{"frame_number":98,"timestamp":3.92,"tracking":{"players":[],"ball":[]}},{"frame_number":99,"timestamp":3.96,"tracking":{"players":[],"ball":[]}}]}
[2025-04-27 05:25:58] Input directory: C:\Users\Hazem Mrad\Desktop\matchupz-web-integration - Copy - Copy/public/uploads/input_videos
[2025-04-27 05:25:58] Output directory: C:\Users\Hazem Mrad\Desktop\matchupz-web-integration - Copy - Copy/public/uploads/output_videos
[2025-04-27 05:25:58] Processed data directory: C:\Users\Hazem Mrad\Desktop\matchupz-web-integration - Copy - Copy\public\uploads\processed_data
[2025-04-27 05:25:58] Normalized output directory: C:\Users\Hazem Mrad\Desktop\matchupz-web-integration - Copy - Copy\public\uploads\output_videos
[2025-04-27 05:25:58] All files in C:\Users\Hazem Mrad\Desktop\matchupz-web-integration - Copy - Copy\public\uploads\output_videos: ., .., keypoint_tracks.json, object_tracks.json, output-video2-680d956aec536.mp4, output-video2-680d972e7779b.mp4, output-video2-680d98b8d6b44.mp4, output-video2-680d9ae7ab020.mp4, output-video2-680da082709f7.mp4
[2025-04-27 05:25:58] Looking for output videos with pattern: C:\Users\Hazem Mrad\Desktop\matchupz-web-integration - Copy - Copy\public\uploads\output_videos\output-*.mp4
[2025-04-27 05:25:58] Found 5 output videos in C:\Users\Hazem Mrad\Desktop\matchupz-web-integration - Copy - Copy\public\uploads\output_videos
[2025-04-27 05:25:58] Found output video: C:\Users\Hazem Mrad\Desktop\matchupz-web-integration - Copy - Copy\public\uploads\output_videos\output-video2-680d956aec536.mp4
[2025-04-27 05:25:58] Found output video: C:\Users\Hazem Mrad\Desktop\matchupz-web-integration - Copy - Copy\public\uploads\output_videos\output-video2-680d972e7779b.mp4
[2025-04-27 05:25:58] Found output video: C:\Users\Hazem Mrad\Desktop\matchupz-web-integration - Copy - Copy\public\uploads\output_videos\output-video2-680d98b8d6b44.mp4
[2025-04-27 05:25:58] Found output video: C:\Users\Hazem Mrad\Desktop\matchupz-web-integration - Copy - Copy\public\uploads\output_videos\output-video2-680d9ae7ab020.mp4
[2025-04-27 05:25:58] Found output video: C:\Users\Hazem Mrad\Desktop\matchupz-web-integration - Copy - Copy\public\uploads\output_videos\output-video2-680da082709f7.mp4
[2025-04-27 05:25:58] Latest output video URL set to: /uploads/output_videos/output-video2-680da082709f7.mp4
[2025-04-27 05:25:58] Latest output file exists at: C:\Users\Hazem Mrad\Desktop\matchupz-web-integration - Copy - Copy\public\uploads\output_videos\output-video2-680da082709f7.mp4, size: 2977031 bytes
[2025-04-27 05:25:58] Found 13 JSON files in C:\Users\Hazem Mrad\Desktop\matchupz-web-integration - Copy - Copy\public\uploads\processed_data
[2025-04-27 05:25:58] Latest JSON file: C:\Users\Hazem Mrad\Desktop\matchupz-web-integration - Copy - Copy\public\uploads\processed_data\output-video2-680da082709f7.json
[2025-04-27 05:25:58] Tracking data loaded from: C:\Users\Hazem Mrad\Desktop\matchupz-web-integration - Copy - Copy\public\uploads\processed_data\output-video2-680da082709f7.json
[2025-04-27 05:25:58] Tracking data contents: {"video_source":"C:\\Users\\Hazem Mrad\\Desktop\\matchupz-web-integration - Copy - Copy\/public\/uploads\/input_videos\\video2-680da082709f7.mp4","fps":25,"frames":[{"frame_number":5,"timestamp":0.2,"tracking":{"players":[],"ball":[]}},{"frame_number":6,"timestamp":0.24,"tracking":{"players":[],"ball":[]}},{"frame_number":7,"timestamp":0.28,"tracking":{"players":[],"ball":[]}},{"frame_number":8,"timestamp":0.32,"tracking":{"players":[],"ball":[]}},{"frame_number":9,"timestamp":0.36,"tracking":{"players":[],"ball":[]}},{"frame_number":10,"timestamp":0.4,"tracking":{"players":[],"ball":[]}},{"frame_number":11,"timestamp":0.44,"tracking":{"players":[],"ball":[]}},{"frame_number":12,"timestamp":0.48,"tracking":{"players":[],"ball":[]}},{"frame_number":13,"timestamp":0.52,"tracking":{"players":[],"ball":[]}},{"frame_number":14,"timestamp":0.56,"tracking":{"players":[],"ball":[]}},{"frame_number":15,"timestamp":0.6,"tracking":{"players":[],"ball":[]}},{"frame_number":16,"timestamp":0.64,"tracking":{"players":[],"ball":[]}},{"frame_number":17,"timestamp":0.68,"tracking":{"players":[],"ball":[]}},{"frame_number":18,"timestamp":0.72,"tracking":{"players":[],"ball":[]}},{"frame_number":19,"timestamp":0.76,"tracking":{"players":[],"ball":[]}},{"frame_number":20,"timestamp":0.8,"tracking":{"players":[],"ball":[]}},{"frame_number":21,"timestamp":0.84,"tracking":{"players":[],"ball":[]}},{"frame_number":22,"timestamp":0.88,"tracking":{"players":[],"ball":[]}},{"frame_number":23,"timestamp":0.92,"tracking":{"players":[],"ball":[]}},{"frame_number":24,"timestamp":0.96,"tracking":{"players":[],"ball":[]}},{"frame_number":25,"timestamp":1,"tracking":{"players":[],"ball":[]}},{"frame_number":26,"timestamp":1.04,"tracking":{"players":[],"ball":[]}},{"frame_number":27,"timestamp":1.08,"tracking":{"players":[],"ball":[]}},{"frame_number":28,"timestamp":1.12,"tracking":{"players":[],"ball":[]}},{"frame_number":29,"timestamp":1.16,"tracking":{"players":[],"ball":[]}},{"frame_number":30,"timestamp":1.2,"tracking":{"players":[],"ball":[]}},{"frame_number":31,"timestamp":1.24,"tracking":{"players":[],"ball":[]}},{"frame_number":32,"timestamp":1.28,"tracking":{"players":[],"ball":[]}},{"frame_number":33,"timestamp":1.32,"tracking":{"players":[],"ball":[]}},{"frame_number":34,"timestamp":1.36,"tracking":{"players":[],"ball":[]}},{"frame_number":35,"timestamp":1.4,"tracking":{"players":[],"ball":[]}},{"frame_number":36,"timestamp":1.44,"tracking":{"players":[],"ball":[]}},{"frame_number":37,"timestamp":1.48,"tracking":{"players":[],"ball":[]}},{"frame_number":38,"timestamp":1.52,"tracking":{"players":[],"ball":[]}},{"frame_number":39,"timestamp":1.56,"tracking":{"players":[],"ball":[]}},{"frame_number":40,"timestamp":1.6,"tracking":{"players":[],"ball":[]}},{"frame_number":41,"timestamp":1.64,"tracking":{"players":[],"ball":[]}},{"frame_number":42,"timestamp":1.68,"tracking":{"players":[],"ball":[]}},{"frame_number":43,"timestamp":1.72,"tracking":{"players":[],"ball":[]}},{"frame_number":44,"timestamp":1.76,"tracking":{"players":[],"ball":[]}},{"frame_number":45,"timestamp":1.8,"tracking":{"players":[],"ball":[]}},{"frame_number":46,"timestamp":1.84,"tracking":{"players":[],"ball":[]}},{"frame_number":47,"timestamp":1.88,"tracking":{"players":[],"ball":[]}},{"frame_number":48,"timestamp":1.92,"tracking":{"players":[],"ball":[]}},{"frame_number":49,"timestamp":1.96,"tracking":{"players":[],"ball":[]}},{"frame_number":50,"timestamp":2,"tracking":{"players":[],"ball":[]}},{"frame_number":51,"timestamp":2.04,"tracking":{"players":[],"ball":[]}},{"frame_number":52,"timestamp":2.08,"tracking":{"players":[],"ball":[]}},{"frame_number":53,"timestamp":2.12,"tracking":{"players":[],"ball":[]}},{"frame_number":54,"timestamp":2.16,"tracking":{"players":[],"ball":[]}},{"frame_number":55,"timestamp":2.2,"tracking":{"players":[],"ball":[]}},{"frame_number":56,"timestamp":2.24,"tracking":{"players":[],"ball":[]}},{"frame_number":57,"timestamp":2.28,"tracking":{"players":[],"ball":[]}},{"frame_number":58,"timestamp":2.32,"tracking":{"players":[],"ball":[]}},{"frame_number":59,"timestamp":2.36,"tracking":{"players":[],"ball":[]}},{"frame_number":60,"timestamp":2.4,"tracking":{"players":[],"ball":[]}},{"frame_number":61,"timestamp":2.44,"tracking":{"players":[],"ball":[]}},{"frame_number":62,"timestamp":2.48,"tracking":{"players":[],"ball":[]}},{"frame_number":63,"timestamp":2.52,"tracking":{"players":[],"ball":[]}},{"frame_number":64,"timestamp":2.56,"tracking":{"players":[],"ball":[]}},{"frame_number":65,"timestamp":2.6,"tracking":{"players":[],"ball":[]}},{"frame_number":66,"timestamp":2.64,"tracking":{"players":[],"ball":[]}},{"frame_number":67,"timestamp":2.68,"tracking":{"players":[],"ball":[]}},{"frame_number":68,"timestamp":2.72,"tracking":{"players":[],"ball":[]}},{"frame_number":69,"timestamp":2.76,"tracking":{"players":[],"ball":[]}},{"frame_number":70,"timestamp":2.8,"tracking":{"players":[],"ball":[]}},{"frame_number":71,"timestamp":2.84,"tracking":{"players":[],"ball":[]}},{"frame_number":72,"timestamp":2.88,"tracking":{"players":[],"ball":[]}},{"frame_number":73,"timestamp":2.92,"tracking":{"players":[],"ball":[]}},{"frame_number":74,"timestamp":2.96,"tracking":{"players":[],"ball":[]}},{"frame_number":75,"timestamp":3,"tracking":{"players":[],"ball":[]}},{"frame_number":76,"timestamp":3.04,"tracking":{"players":[],"ball":[]}},{"frame_number":77,"timestamp":3.08,"tracking":{"players":[],"ball":[]}},{"frame_number":78,"timestamp":3.12,"tracking":{"players":[],"ball":[]}},{"frame_number":79,"timestamp":3.16,"tracking":{"players":[],"ball":[]}},{"frame_number":80,"timestamp":3.2,"tracking":{"players":[],"ball":[]}},{"frame_number":81,"timestamp":3.24,"tracking":{"players":[],"ball":[]}},{"frame_number":82,"timestamp":3.28,"tracking":{"players":[],"ball":[]}},{"frame_number":83,"timestamp":3.32,"tracking":{"players":[],"ball":[]}},{"frame_number":84,"timestamp":3.36,"tracking":{"players":[],"ball":[]}},{"frame_number":85,"timestamp":3.4,"tracking":{"players":[],"ball":[]}},{"frame_number":86,"timestamp":3.44,"tracking":{"players":[],"ball":[]}},{"frame_number":87,"timestamp":3.48,"tracking":{"players":[],"ball":[]}},{"frame_number":88,"timestamp":3.52,"tracking":{"players":[],"ball":[]}},{"frame_number":89,"timestamp":3.56,"tracking":{"players":[],"ball":[]}},{"frame_number":90,"timestamp":3.6,"tracking":{"players":[],"ball":[]}},{"frame_number":91,"timestamp":3.64,"tracking":{"players":[],"ball":[]}},{"frame_number":92,"timestamp":3.68,"tracking":{"players":[],"ball":[]}},{"frame_number":93,"timestamp":3.72,"tracking":{"players":[],"ball":[]}},{"frame_number":94,"timestamp":3.76,"tracking":{"players":[],"ball":[]}},{"frame_number":95,"timestamp":3.8,"tracking":{"players":[],"ball":[]}},{"frame_number":96,"timestamp":3.84,"tracking":{"players":[],"ball":[]}},{"frame_number":97,"timestamp":3.88,"tracking":{"players":[],"ball":[]}},{"frame_number":98,"timestamp":3.92,"tracking":{"players":[],"ball":[]}},{"frame_number":99,"timestamp":3.96,"tracking":{"players":[],"ball":[]}}]}
[2025-04-27 05:25:58] Rendering template with output_video_url: /uploads/output_videos/output-video2-680da082709f7.mp4
[2025-04-27 05:25:58] Rendering template with tracking_data: {"video_source":"C:\\Users\\Hazem Mrad\\Desktop\\matchupz-web-integration - Copy - Copy\/public\/uploads\/input_videos\\video2-680da082709f7.mp4","fps":25,"frames":[{"frame_number":5,"timestamp":0.2,"tracking":{"players":[],"ball":[]}},{"frame_number":6,"timestamp":0.24,"tracking":{"players":[],"ball":[]}},{"frame_number":7,"timestamp":0.28,"tracking":{"players":[],"ball":[]}},{"frame_number":8,"timestamp":0.32,"tracking":{"players":[],"ball":[]}},{"frame_number":9,"timestamp":0.36,"tracking":{"players":[],"ball":[]}},{"frame_number":10,"timestamp":0.4,"tracking":{"players":[],"ball":[]}},{"frame_number":11,"timestamp":0.44,"tracking":{"players":[],"ball":[]}},{"frame_number":12,"timestamp":0.48,"tracking":{"players":[],"ball":[]}},{"frame_number":13,"timestamp":0.52,"tracking":{"players":[],"ball":[]}},{"frame_number":14,"timestamp":0.56,"tracking":{"players":[],"ball":[]}},{"frame_number":15,"timestamp":0.6,"tracking":{"players":[],"ball":[]}},{"frame_number":16,"timestamp":0.64,"tracking":{"players":[],"ball":[]}},{"frame_number":17,"timestamp":0.68,"tracking":{"players":[],"ball":[]}},{"frame_number":18,"timestamp":0.72,"tracking":{"players":[],"ball":[]}},{"frame_number":19,"timestamp":0.76,"tracking":{"players":[],"ball":[]}},{"frame_number":20,"timestamp":0.8,"tracking":{"players":[],"ball":[]}},{"frame_number":21,"timestamp":0.84,"tracking":{"players":[],"ball":[]}},{"frame_number":22,"timestamp":0.88,"tracking":{"players":[],"ball":[]}},{"frame_number":23,"timestamp":0.92,"tracking":{"players":[],"ball":[]}},{"frame_number":24,"timestamp":0.96,"tracking":{"players":[],"ball":[]}},{"frame_number":25,"timestamp":1,"tracking":{"players":[],"ball":[]}},{"frame_number":26,"timestamp":1.04,"tracking":{"players":[],"ball":[]}},{"frame_number":27,"timestamp":1.08,"tracking":{"players":[],"ball":[]}},{"frame_number":28,"timestamp":1.12,"tracking":{"players":[],"ball":[]}},{"frame_number":29,"timestamp":1.16,"tracking":{"players":[],"ball":[]}},{"frame_number":30,"timestamp":1.2,"tracking":{"players":[],"ball":[]}},{"frame_number":31,"timestamp":1.24,"tracking":{"players":[],"ball":[]}},{"frame_number":32,"timestamp":1.28,"tracking":{"players":[],"ball":[]}},{"frame_number":33,"timestamp":1.32,"tracking":{"players":[],"ball":[]}},{"frame_number":34,"timestamp":1.36,"tracking":{"players":[],"ball":[]}},{"frame_number":35,"timestamp":1.4,"tracking":{"players":[],"ball":[]}},{"frame_number":36,"timestamp":1.44,"tracking":{"players":[],"ball":[]}},{"frame_number":37,"timestamp":1.48,"tracking":{"players":[],"ball":[]}},{"frame_number":38,"timestamp":1.52,"tracking":{"players":[],"ball":[]}},{"frame_number":39,"timestamp":1.56,"tracking":{"players":[],"ball":[]}},{"frame_number":40,"timestamp":1.6,"tracking":{"players":[],"ball":[]}},{"frame_number":41,"timestamp":1.64,"tracking":{"players":[],"ball":[]}},{"frame_number":42,"timestamp":1.68,"tracking":{"players":[],"ball":[]}},{"frame_number":43,"timestamp":1.72,"tracking":{"players":[],"ball":[]}},{"frame_number":44,"timestamp":1.76,"tracking":{"players":[],"ball":[]}},{"frame_number":45,"timestamp":1.8,"tracking":{"players":[],"ball":[]}},{"frame_number":46,"timestamp":1.84,"tracking":{"players":[],"ball":[]}},{"frame_number":47,"timestamp":1.88,"tracking":{"players":[],"ball":[]}},{"frame_number":48,"timestamp":1.92,"tracking":{"players":[],"ball":[]}},{"frame_number":49,"timestamp":1.96,"tracking":{"players":[],"ball":[]}},{"frame_number":50,"timestamp":2,"tracking":{"players":[],"ball":[]}},{"frame_number":51,"timestamp":2.04,"tracking":{"players":[],"ball":[]}},{"frame_number":52,"timestamp":2.08,"tracking":{"players":[],"ball":[]}},{"frame_number":53,"timestamp":2.12,"tracking":{"players":[],"ball":[]}},{"frame_number":54,"timestamp":2.16,"tracking":{"players":[],"ball":[]}},{"frame_number":55,"timestamp":2.2,"tracking":{"players":[],"ball":[]}},{"frame_number":56,"timestamp":2.24,"tracking":{"players":[],"ball":[]}},{"frame_number":57,"timestamp":2.28,"tracking":{"players":[],"ball":[]}},{"frame_number":58,"timestamp":2.32,"tracking":{"players":[],"ball":[]}},{"frame_number":59,"timestamp":2.36,"tracking":{"players":[],"ball":[]}},{"frame_number":60,"timestamp":2.4,"tracking":{"players":[],"ball":[]}},{"frame_number":61,"timestamp":2.44,"tracking":{"players":[],"ball":[]}},{"frame_number":62,"timestamp":2.48,"tracking":{"players":[],"ball":[]}},{"frame_number":63,"timestamp":2.52,"tracking":{"players":[],"ball":[]}},{"frame_number":64,"timestamp":2.56,"tracking":{"players":[],"ball":[]}},{"frame_number":65,"timestamp":2.6,"tracking":{"players":[],"ball":[]}},{"frame_number":66,"timestamp":2.64,"tracking":{"players":[],"ball":[]}},{"frame_number":67,"timestamp":2.68,"tracking":{"players":[],"ball":[]}},{"frame_number":68,"timestamp":2.72,"tracking":{"players":[],"ball":[]}},{"frame_number":69,"timestamp":2.76,"tracking":{"players":[],"ball":[]}},{"frame_number":70,"timestamp":2.8,"tracking":{"players":[],"ball":[]}},{"frame_number":71,"timestamp":2.84,"tracking":{"players":[],"ball":[]}},{"frame_number":72,"timestamp":2.88,"tracking":{"players":[],"ball":[]}},{"frame_number":73,"timestamp":2.92,"tracking":{"players":[],"ball":[]}},{"frame_number":74,"timestamp":2.96,"tracking":{"players":[],"ball":[]}},{"frame_number":75,"timestamp":3,"tracking":{"players":[],"ball":[]}},{"frame_number":76,"timestamp":3.04,"tracking":{"players":[],"ball":[]}},{"frame_number":77,"timestamp":3.08,"tracking":{"players":[],"ball":[]}},{"frame_number":78,"timestamp":3.12,"tracking":{"players":[],"ball":[]}},{"frame_number":79,"timestamp":3.16,"tracking":{"players":[],"ball":[]}},{"frame_number":80,"timestamp":3.2,"tracking":{"players":[],"ball":[]}},{"frame_number":81,"timestamp":3.24,"tracking":{"players":[],"ball":[]}},{"frame_number":82,"timestamp":3.28,"tracking":{"players":[],"ball":[]}},{"frame_number":83,"timestamp":3.32,"tracking":{"players":[],"ball":[]}},{"frame_number":84,"timestamp":3.36,"tracking":{"players":[],"ball":[]}},{"frame_number":85,"timestamp":3.4,"tracking":{"players":[],"ball":[]}},{"frame_number":86,"timestamp":3.44,"tracking":{"players":[],"ball":[]}},{"frame_number":87,"timestamp":3.48,"tracking":{"players":[],"ball":[]}},{"frame_number":88,"timestamp":3.52,"tracking":{"players":[],"ball":[]}},{"frame_number":89,"timestamp":3.56,"tracking":{"players":[],"ball":[]}},{"frame_number":90,"timestamp":3.6,"tracking":{"players":[],"ball":[]}},{"frame_number":91,"timestamp":3.64,"tracking":{"players":[],"ball":[]}},{"frame_number":92,"timestamp":3.68,"tracking":{"players":[],"ball":[]}},{"frame_number":93,"timestamp":3.72,"tracking":{"players":[],"ball":[]}},{"frame_number":94,"timestamp":3.76,"tracking":{"players":[],"ball":[]}},{"frame_number":95,"timestamp":3.8,"tracking":{"players":[],"ball":[]}},{"frame_number":96,"timestamp":3.84,"tracking":{"players":[],"ball":[]}},{"frame_number":97,"timestamp":3.88,"tracking":{"players":[],"ball":[]}},{"frame_number":98,"timestamp":3.92,"tracking":{"players":[],"ball":[]}},{"frame_number":99,"timestamp":3.96,"tracking":{"players":[],"ball":[]}}]}
